#
# There is insufficient memory for the Java Runtime Environment to continue.
# Native memory allocation (malloc) failed to allocate 1475056 bytes for Chunk::new
# Possible reasons:
#   The system is out of physical RAM or swap space
#   In 32 bit mode, the process size limit was hit
# Possible solutions:
#   Reduce memory load on the system
#   Increase physical memory or swap space
#   Check if swap backing store is full
#   Use 64 bit Java on a 64 bit OS
#   Decrease Java heap size (-Xmx/-Xms)
#   Decrease number of Java threads
#   Decrease Java thread stack sizes (-Xss)
#   Set larger code cache with -XX:ReservedCodeCacheSize=
# This output file may be truncated or incomplete.
#
#  Out of Memory Error (allocation.cpp:390), pid=17252, tid=4168
#
# JRE version: Java(TM) SE Runtime Environment (8.0_91-b14) (build 1.8.0_91-b14)
# Java VM: Java HotSpot(TM) 64-Bit Server VM (25.91-b14 mixed mode windows-amd64 compressed oops)
# Failed to write core dump. Minidumps are not enabled by default on client versions of Windows
#

---------------  T H R E A D  ---------------

Current thread (0x000000001491e000):  JavaThread "C2 CompilerThread1" daemon [_thread_in_native, id=4168, stack(0x0000000016320000,0x0000000016420000)]

Stack: [0x0000000016320000,0x0000000016420000]
[error occurred during error reporting (printing stack bounds), id 0xc0000005]

Native frames: (J=compiled Java code, j=interpreted, Vv=VM code, C=native code)


Current CompileTask:
C2:  10929 1223   !   4       com.android.dx.cf.code.BytecodeArray::parseInstruction (2764 bytes)


---------------  P R O C E S S  ---------------

Java Threads: ( => current thread )
  0x00000000161b0000 JavaThread "pool-1-thread-4" [_thread_in_Java, id=2492, stack(0x0000000016b20000,0x0000000016c20000)]
  0x00000000161af800 JavaThread "pool-1-thread-3" [_thread_in_vm, id=2736, stack(0x0000000016a20000,0x0000000016b20000)]
  0x00000000161aa000 JavaThread "pool-1-thread-2" [_thread_in_Java, id=20092, stack(0x0000000016920000,0x0000000016a20000)]
  0x000000001619c000 JavaThread "pool-2-thread-1" [_thread_blocked, id=18928, stack(0x0000000016820000,0x0000000016920000)]
  0x0000000016195800 JavaThread "pool-1-thread-1" [_thread_in_native, id=17528, stack(0x0000000016720000,0x0000000016820000)]
  0x0000000015fb2800 JavaThread "Service Thread" daemon [_thread_blocked, id=4380, stack(0x0000000016520000,0x0000000016620000)]
  0x0000000015f26000 JavaThread "C1 CompilerThread2" daemon [_thread_blocked, id=2220, stack(0x0000000016420000,0x0000000016520000)]
=>0x000000001491e000 JavaThread "C2 CompilerThread1" daemon [_thread_in_native, id=4168, stack(0x0000000016320000,0x0000000016420000)]
  0x000000001491b000 JavaThread "C2 CompilerThread0" daemon [_thread_in_native, id=18064, stack(0x0000000015e20000,0x0000000015f20000)]
  0x000000001491a000 JavaThread "Attach Listener" daemon [_thread_blocked, id=19988, stack(0x0000000015d20000,0x0000000015e20000)]
  0x00000000148cf000 JavaThread "Signal Dispatcher" daemon [_thread_blocked, id=20212, stack(0x0000000015c20000,0x0000000015d20000)]
  0x00000000021ec000 JavaThread "Finalizer" daemon [_thread_blocked, id=20320, stack(0x0000000015b20000,0x0000000015c20000)]
  0x00000000021e1000 JavaThread "Reference Handler" daemon [_thread_blocked, id=18876, stack(0x0000000015a20000,0x0000000015b20000)]
  0x00000000020f0800 JavaThread "main" [_thread_in_Java, id=17568, stack(0x0000000001c40000,0x0000000001d40000)]

Other Threads:
  0x0000000014887000 VMThread [stack: 0x0000000015920000,0x0000000015a20000] [id=4992]
  0x0000000015fff800 WatcherThread [stack: 0x0000000016620000,0x0000000016720000] [id=2428]

VM state:not at safepoint (normal execution)

VM Mutex/Monitor currently owned by a thread: None

Heap:
 PSYoungGen      total 53248K, used 43727K [0x00000000eab00000, 0x00000000ee300000, 0x0000000100000000)
  eden space 49152K, 88% used [0x00000000eab00000,0x00000000ed5b3c30,0x00000000edb00000)
  from space 4096K, 0% used [0x00000000edf00000,0x00000000edf00000,0x00000000ee300000)
  to   space 4096K, 0% used [0x00000000edb00000,0x00000000edb00000,0x00000000edf00000)
 ParOldGen       total 41984K, used 8053K [0x00000000c0000000, 0x00000000c2900000, 0x00000000eab00000)
  object space 41984K, 19% used [0x00000000c0000000,0x00000000c07dd4d0,0x00000000c2900000)
 Metaspace       used 6134K, capacity 7088K, committed 7296K, reserved 1058816K
  class space    used 597K, capacity 616K, committed 640K, reserved 1048576K

Card table byte_map: [0x00000000115b0000,0x00000000117c0000] byte_map_base: 0x0000000010fb0000

Marking Bits: (ParMarkBitMap*) 0x000000006be52f70
 Begin Bits: [0x0000000011d20000, 0x0000000012d20000)
 End Bits:   [0x0000000012d20000, 0x0000000013d20000)

Polling page: 0x00000000004f0000

CodeCache: size=245760Kb used=5869Kb max_used=5869Kb free=239890Kb
 bounds [0x00000000021f0000, 0x00000000027c0000, 0x00000000111f0000]
 total_blobs=1762 nmethods=1490 adapters=184
 compilation: enabled

Compilation events (10 events):
Event: 10.149 Thread 0x0000000015f26000 1249       3       com.android.dx.rop.code.Rops::opConst (85 bytes)
Event: 10.150 Thread 0x0000000015f26000 nmethod 1249 0x00000000026e8450 code [0x00000000026e86a0, 0x00000000026e93a8]
Event: 10.150 Thread 0x0000000015f26000 1260       3       com.android.dx.rop.code.RegisterSpecList::make (17 bytes)
Event: 10.151 Thread 0x0000000015f26000 nmethod 1260 0x00000000026e9950 code [0x00000000026e9b20, 0x00000000026ea3e8]
Event: 10.151 Thread 0x0000000015f26000 1250       3       com.android.dx.ssa.BasicRegisterMapper::<init> (17 bytes)
Event: 10.151 Thread 0x0000000015f26000 nmethod 1250 0x00000000026eaa10 code [0x00000000026eab80, 0x00000000026eae48]
Event: 10.151 Thread 0x0000000015f26000 1231       3       com.android.dx.ssa.SCCP::replaceBranches (142 bytes)
Event: 10.153 Thread 0x0000000015f26000 nmethod 1231 0x00000000026eaf90 code [0x00000000026eb1e0, 0x00000000026ec1a8]
Event: 10.153 Thread 0x0000000015f26000 1241       1       com.android.dx.ssa.PhiInsn::getOpcode (2 bytes)
Event: 10.153 Thread 0x0000000015f26000 nmethod 1241 0x00000000026ec910 code [0x00000000026eca60, 0x00000000026ecb70]

GC Heap History (2 events):
Event: 9.741 GC heap before
{Heap before GC invocations=1 (full 0):
 PSYoungGen      total 28672K, used 24576K [0x00000000eab00000, 0x00000000ecb00000, 0x0000000100000000)
  eden space 24576K, 100% used [0x00000000eab00000,0x00000000ec300000,0x00000000ec300000)
  from space 4096K, 0% used [0x00000000ec700000,0x00000000ec700000,0x00000000ecb00000)
  to   space 4096K, 0% used [0x00000000ec300000,0x00000000ec300000,0x00000000ec700000)
 ParOldGen       total 65536K, used 0K [0x00000000c0000000, 0x00000000c4000000, 0x00000000eab00000)
  object space 65536K, 0% used [0x00000000c0000000,0x00000000c0000000,0x00000000c4000000)
 Metaspace       used 5919K, capacity 6896K, committed 7040K, reserved 1056768K
  class space    used 597K, capacity 616K, committed 640K, reserved 1048576K
Event: 9.942 GC heap after
Heap after GC invocations=1 (full 0):
 PSYoungGen      total 28672K, used 4073K [0x00000000eab00000, 0x00000000ee300000, 0x0000000100000000)
  eden space 24576K, 0% used [0x00000000eab00000,0x00000000eab00000,0x00000000ec300000)
  from space 4096K, 99% used [0x00000000ec300000,0x00000000ec6fa798,0x00000000ec700000)
  to   space 4096K, 0% used [0x00000000edf00000,0x00000000edf00000,0x00000000ee300000)
 ParOldGen       total 65536K, used 2456K [0x00000000c0000000, 0x00000000c4000000, 0x00000000eab00000)
  object space 65536K, 3% used [0x00000000c0000000,0x00000000c0266150,0x00000000c4000000)
 Metaspace       used 5919K, capacity 6896K, committed 7040K, reserved 1056768K
  class space    used 597K, capacity 616K, committed 640K, reserved 1048576K
}

Deoptimization events (6 events):
Event: 8.040 Thread 0x00000000161aa000 Uncommon trap: reason=unstable_if action=reinterpret pc=0x00000000023e0ec0 method=java.util.HashMap.getNode(ILjava/lang/Object;)Ljava/util/HashMap$Node; @ 62
Event: 8.948 Thread 0x0000000016195800 Uncommon trap: reason=null_check action=make_not_entrant pc=0x00000000024c1edc method=com.android.dx.ssa.SsaRenamer.getLocalForNewReg(I)Lcom/android/dx/rop/code/LocalItem; @ 19
Event: 8.969 Thread 0x00000000161b0000 Uncommon trap: reason=unstable_if action=reinterpret pc=0x00000000024045b0 method=java.util.BitSet.nextSetBit(I)I @ 87
Event: 8.978 Thread 0x0000000016195800 Uncommon trap: reason=unstable_if action=reinterpret pc=0x000000000255cd90 method=com.android.dx.ssa.SsaMethod.onSourcesChanged(Lcom/android/dx/ssa/SsaInsn;Lcom/android/dx/rop/code/RegisterSpecList;)V @ 4
Event: 9.599 Thread 0x0000000016195800 Uncommon trap: reason=unstable_if action=reinterpret pc=0x00000000024c655c method=com.android.dx.rop.cst.Constant.compareTo(Lcom/android/dx/rop/cst/Constant;)I @ 12
Event: 10.134 Thread 0x00000000161af800 Uncommon trap: reason=unstable_if action=reinterpret pc=0x000000000252bf14 method=com.android.dx.rop.code.RegisterSpec.equals(ILcom/android/dx/rop/type/TypeBearer;Lcom/android/dx/rop/code/LocalItem;)Z @ 42

Internal exceptions (3 events):
Event: 0.046 Thread 0x00000000020f0800 Exception <a 'java/lang/NoSuchMethodError': Method sun.misc.Unsafe.defineClass(Ljava/lang/String;[BII)Ljava/lang/Class; name or signature does not match> (0x00000000eab07cc0) thrown at [C:\re\workspace\8-2-build-windows-amd64-cygwin\jdk8u91\6644\hotspot\sru…Iü—§?
Event: 0.046 Thread 0x00000000020f0800 Exception <a 'java/lang/NoSuchMethodError': Method sun.misc.Unsafe.prefetchRead(Ljava/lang/Object;J)V name or signature does not match> (0x00000000eab07fa8) thrown at [C:\re\workspace\8-2-build-windows-amd64-cygwin\jdk8u91\6644\hotspot\src\share\vm\prims\jP×/ÜWå!@
Event: 8.948 Thread 0x0000000016195800 Implicit null exception at 0x00000000024c0632 to 0x00000000024c1e95

Events (10 events):
Event: 8.982 loading class com/android/dx/cf/code/BytecodeArray$ConstantParserVisitor
Event: 8.982 loading class com/android/dx/cf/code/BytecodeArray$ConstantParserVisitor done
Event: 9.599 Thread 0x0000000016195800 Uncommon trap: trap_request=0xffffff65 fr.pc=0x00000000024c655c
Event: 9.599 Thread 0x0000000016195800 DEOPT PACKING pc=0x00000000024c655c sp=0x000000001681e9f0
Event: 9.599 Thread 0x0000000016195800 DEOPT UNPACKING pc=0x000000000223582a sp=0x000000001681e990 mode 2
Event: 9.651 Executing VM operation: ParallelGCFailedAllocation
Event: 9.942 Executing VM operation: ParallelGCFailedAllocation done
Event: 10.134 Thread 0x00000000161af800 Uncommon trap: trap_request=0xffffff65 fr.pc=0x000000000252bf14
Event: 10.134 Thread 0x00000000161af800 DEOPT PACKING pc=0x000000000252bf14 sp=0x0000000016b1ea40
Event: 10.134 Thread 0x00000000161af800 DEOPT UNPACKING pc=0x000000000223582a sp=0x0000000016b1e9c8 mode 2


Dynamic libraries:
0x00007ff6cbf90000 - 0x00007ff6cbfc7000 	D:\jdk8\bin\java.exe
0x00007ff9377b0000 - 0x00007ff937959000 	C:\Windows\SYSTEM32\ntdll.dll
0x00007ff9373e0000 - 0x00007ff937519000 	C:\Windows\system32\KERNEL32.DLL
0x00007ff934c50000 - 0x00007ff934d5e000 	C:\Windows\system32\KERNELBASE.dll
0x00007ff9350a0000 - 0x00007ff935145000 	C:\Windows\system32\ADVAPI32.dll
0x00007ff936c00000 - 0x00007ff936d71000 	C:\Windows\system32\USER32.dll
0x00007ff9323d0000 - 0x00007ff93262a000 	C:\Windows\WinSxS\amd64_microsoft.windows.common-controls_6595b64144ccf1df_6.0.9600.16384_none_62475f7becb72503\COMCTL32.dll
0x00007ff936b50000 - 0x00007ff936bf7000 	C:\Windows\system32\msvcrt.dll
0x00007ff9372d0000 - 0x00007ff937327000 	C:\Windows\SYSTEM32\sechost.dll
0x00007ff937650000 - 0x00007ff937786000 	C:\Windows\system32\RPCRT4.dll
0x00007ff936fa0000 - 0x00007ff9370e5000 	C:\Windows\system32\GDI32.dll
0x00007ff937520000 - 0x00007ff937554000 	C:\Windows\system32\IMM32.DLL
0x00007ff936950000 - 0x00007ff936a89000 	C:\Windows\system32\MSCTF.dll
0x000000006b300000 - 0x000000006b3d2000 	D:\jdk8\jre\bin\msvcr100.dll
0x000000006b640000 - 0x000000006bed3000 	D:\jdk8\jre\bin\server\jvm.dll
0x00007ff92e3f0000 - 0x00007ff92e3f9000 	C:\Windows\SYSTEM32\WSOCK32.dll
0x00007ff92ea60000 - 0x00007ff92ea7f000 	C:\Windows\SYSTEM32\WINMM.dll
0x00007ff92eb20000 - 0x00007ff92eb2a000 	C:\Windows\SYSTEM32\VERSION.dll
0x00007ff937560000 - 0x00007ff937567000 	C:\Windows\system32\PSAPI.DLL
0x00007ff935040000 - 0x00007ff935098000 	C:\Windows\system32\WS2_32.dll
0x00007ff92ea20000 - 0x00007ff92ea4a000 	C:\Windows\SYSTEM32\WINMMBASE.dll
0x00007ff9375d0000 - 0x00007ff9375d9000 	C:\Windows\system32\NSI.dll
0x00007ff934f40000 - 0x00007ff934f8a000 	C:\Windows\SYSTEM32\cfgmgr32.dll
0x00007ff933930000 - 0x00007ff933956000 	C:\Windows\SYSTEM32\DEVOBJ.dll
0x000000006c210000 - 0x000000006c21f000 	D:\jdk8\jre\bin\verify.dll
0x000000006c1e0000 - 0x000000006c209000 	D:\jdk8\jre\bin\java.dll
0x000000006c1c0000 - 0x000000006c1d6000 	D:\jdk8\jre\bin\zip.dll
0x00007ff935340000 - 0x00007ff93674d000 	C:\Windows\system32\SHELL32.dll
0x00007ff935160000 - 0x00007ff935337000 	C:\Windows\SYSTEM32\combase.dll
0x00007ff936750000 - 0x00007ff9367a1000 	C:\Windows\system32\SHLWAPI.dll
0x00007ff933180000 - 0x00007ff933221000 	C:\Windows\SYSTEM32\SHCORE.dll
0x00007ff934b30000 - 0x00007ff934b44000 	C:\Windows\SYSTEM32\profapi.dll

VM Arguments:
jvm_args: -Djava.awt.headless=true -Xmx1024M -Dfile.encoding=GBK -Duser.country=CN -Duser.language=zh -Duser.variant 
java_command: com.android.dx.command.Main --dex --num-threads=4 --output C:\Users\46358_000\Android_Security\app\build\intermediates\pre-dexed\debug\com.android.support-support-v4-23.0.0_c901a252eff7d42d7b5e28577dbec16d98d203b6.jar C:\Users\46358_000\Android_Security\app\build\intermediates\exploded-aar\com.android.support\support-v4\23.0.0\jars\classes.jar
java_class_path (initial): C:\Users\46358_000\AppData\Local\Android\Sdk\build-tools\23.0.0\lib\dx.jar
Launcher Type: SUN_STANDARD

Environment Variables:
CLASSPATH=C:\Program Files\Java\jre1.8.0_91\lib
PATH=C:\ProgramData\Oracle\Java\javapath;C:\Windows\system32;C:\Windows;C:\Windows\System32\Wbem;C:\Windows\System32\WindowsPowerShell\v1.0\;C:\Program Files (x86)\Intel\OpenCL SDK\2.0\bin\x86;C:\Program Files (x86)\Intel\OpenCL SDK\2.0\bin\x64;C:\Program Files (x86)\Windows Kits\8.1\Windows Performance Toolkit\;C:\Program Files\Microsoft SQL Server\110\Tools\Binn\;C:\Program Files (x86)\Microsoft SDKs\TypeScript\1.0\;C:\Program Files\Microsoft SQL Server\120\Tools\Binn\;D:\Program Files (x86)\matlab\runtime\win64;D:\Program Files (x86)\matlab\bin;D:\Program Files (x86)\matlab\polyspace\bin;C:\Program Files\Java\jre1.8.0_91\bin£»C:\Users\46358_000\AppData\Local\Android\Sdk\platform-tools;;D:\Git\cmd
USERNAME=46358_000
OS=Windows_NT
PROCESSOR_IDENTIFIER=Intel64 Family 6 Model 42 Stepping 7, GenuineIntel



---------------  S Y S T E M  ---------------

OS: Windows 8.1 , 64 bit Build 9600 (6.3.9600.16656)

CPU:total 4 (2 cores per cpu, 2 threads per core) family 6 model 42 stepping 7, cmov, cx8, fxsr, mmx, sse, sse2, sse3, ssse3, sse4.1, sse4.2, popcnt, avx, aes, clmul, ht, tsc, tscinvbit

Memory: 4k page, physical 6233964k(1000460k free), swap 9305964k(27044k free)

vm_info: Java HotSpot(TM) 64-Bit Server VM (25.91-b14) for windows-amd64 JRE (1.8.0_91-b14), built on Apr  1 2016 00:58:32 by "java_re" with MS VC++ 10.0 (VS2010)

time: Tue Aug 16 19:58:40 2016
elapsed time: 11 seconds (0d 0h 0m 11s)

