#
# There is insufficient memory for the Java Runtime Environment to continue.
# Native memory allocation (malloc) failed to allocate 1312656 bytes for Chunk::new
# Possible reasons:
#   The system is out of physical RAM or swap space
#   In 32 bit mode, the process size limit was hit
# Possible solutions:
#   Reduce memory load on the system
#   Increase physical memory or swap space
#   Check if swap backing store is full
#   Use 64 bit Java on a 64 bit OS
#   Decrease Java heap size (-Xmx/-Xms)
#   Decrease number of Java threads
#   Decrease Java thread stack sizes (-Xss)
#   Set larger code cache with -XX:ReservedCodeCacheSize=
# This output file may be truncated or incomplete.
#
#  Out of Memory Error (allocation.cpp:390), pid=4292, tid=20068
#
# JRE version: Java(TM) SE Runtime Environment (8.0_91-b14) (build 1.8.0_91-b14)
# Java VM: Java HotSpot(TM) 64-Bit Server VM (25.91-b14 mixed mode windows-amd64 compressed oops)
# Failed to write core dump. Minidumps are not enabled by default on client versions of Windows
#

---------------  T H R E A D  ---------------

Current thread (0x0000000016320800):  JavaThread "C2 CompilerThread0" daemon [_thread_in_native, id=20068, stack(0x0000000016720000,0x0000000016820000)]

Stack: [0x0000000016720000,0x0000000016820000]
[error occurred during error reporting (printing stack bounds), id 0xc0000005]

Native frames: (J=compiled Java code, j=interpreted, Vv=VM code, C=native code)


Current CompileTask:
C2:   2369 1125   !   4       com.android.dx.cf.code.BytecodeArray::parseInstruction (2764 bytes)


---------------  P R O C E S S  ---------------

Java Threads: ( => current thread )
  0x0000000016540000 JavaThread "pool-1-thread-4" [_thread_blocked, id=19380, stack(0x0000000017020000,0x0000000017120000)]
  0x000000001653d000 JavaThread "pool-1-thread-3" [_thread_blocked, id=18940, stack(0x0000000016f20000,0x0000000017020000)]
  0x000000001650b000 JavaThread "pool-1-thread-2" [_thread_blocked, id=18580, stack(0x0000000016e20000,0x0000000016f20000)]
  0x00000000164c1800 JavaThread "pool-2-thread-1" [_thread_blocked, id=1356, stack(0x0000000016d20000,0x0000000016e20000)]
  0x00000000164c0800 JavaThread "pool-1-thread-1" [_thread_in_vm, id=15928, stack(0x0000000016c20000,0x0000000016d20000)]
  0x00000000163bd800 JavaThread "Service Thread" daemon [_thread_blocked, id=18232, stack(0x0000000016a20000,0x0000000016b20000)]
  0x0000000016331000 JavaThread "C1 CompilerThread2" daemon [_thread_in_native, id=4136, stack(0x0000000016920000,0x0000000016a20000)]
  0x0000000016326000 JavaThread "C2 CompilerThread1" daemon [_thread_blocked, id=19892, stack(0x0000000016820000,0x0000000016920000)]
=>0x0000000016320800 JavaThread "C2 CompilerThread0" daemon [_thread_in_native, id=20068, stack(0x0000000016720000,0x0000000016820000)]
  0x0000000014e1d800 JavaThread "Attach Listener" daemon [_thread_blocked, id=2484, stack(0x0000000016220000,0x0000000016320000)]
  0x0000000014dce000 JavaThread "Signal Dispatcher" daemon [_thread_blocked, id=7860, stack(0x0000000016120000,0x0000000016220000)]
  0x0000000014daa800 JavaThread "Finalizer" daemon [_thread_blocked, id=2544, stack(0x0000000016020000,0x0000000016120000)]
  0x0000000014d88800 JavaThread "Reference Handler" daemon [_thread_blocked, id=14432, stack(0x0000000015f20000,0x0000000016020000)]
  0x00000000024f0800 JavaThread "main" [_thread_in_native, id=19044, stack(0x0000000002090000,0x0000000002190000)]

Other Threads:
  0x0000000014d87000 VMThread [stack: 0x0000000015e20000,0x0000000015f20000] [id=4376]
  0x00000000163ef000 WatcherThread [stack: 0x0000000016b20000,0x0000000016c20000] [id=4364]

VM state:not at safepoint (normal execution)

VM Mutex/Monitor currently owned by a thread:  ([mutex/lock_event])
[0x00000000026eb7d0] CodeCache_lock - owner thread: 0x0000000016331000
[0x00000000026ed0b0] Compile_lock - owner thread: 0x0000000000000000

Heap:
 PSYoungGen      total 28672K, used 23873K [0x00000000eab00000, 0x00000000ecb00000, 0x0000000100000000)
  eden space 24576K, 97% used [0x00000000eab00000,0x00000000ec250618,0x00000000ec300000)
  from space 4096K, 0% used [0x00000000ec700000,0x00000000ec700000,0x00000000ecb00000)
  to   space 4096K, 0% used [0x00000000ec300000,0x00000000ec300000,0x00000000ec700000)
 ParOldGen       total 65536K, used 0K [0x00000000c0000000, 0x00000000c4000000, 0x00000000eab00000)
  object space 65536K, 0% used [0x00000000c0000000,0x00000000c0000000,0x00000000c4000000)
 Metaspace       used 5719K, capacity 6896K, committed 7040K, reserved 1056768K
  class space    used 577K, capacity 616K, committed 640K, reserved 1048576K

Card table byte_map: [0x0000000011ab0000,0x0000000011cc0000] byte_map_base: 0x00000000114b0000

Marking Bits: (ParMarkBitMap*) 0x000000006be52f70
 Begin Bits: [0x0000000012220000, 0x0000000013220000)
 End Bits:   [0x0000000013220000, 0x0000000014220000)

Polling page: 0x0000000000840000

CodeCache: size=245760Kb used=4689Kb max_used=4689Kb free=241070Kb
 bounds [0x00000000026f0000, 0x0000000002b90000, 0x00000000116f0000]
 total_blobs=1410 nmethods=1146 adapters=177
 compilation: enabled

Compilation events (10 events):
Event: 2.357 Thread 0x0000000016331000 nmethod 1140 0x0000000002b6d4d0 code [0x0000000002b6d680, 0x0000000002b6dab8]
Event: 2.357 Thread 0x0000000016331000 1141       3       com.android.dx.ssa.back.FirstFitLocalCombiningAllocator::handleUnassociatedParameters (60 bytes)
Event: 2.358 Thread 0x0000000016331000 nmethod 1141 0x0000000002b74510 code [0x0000000002b746c0, 0x0000000002b74d78]
Event: 2.359 Thread 0x0000000016331000 1142       3       com.android.dx.util.LabeledList::<init> (57 bytes)
Event: 2.360 Thread 0x0000000016331000 nmethod 1142 0x0000000002b7c450 code [0x0000000002b7c680, 0x0000000002b7d338]
Event: 2.360 Thread 0x0000000016331000 1143       3       com.android.dx.ssa.back.IdenticalBlockCombiner::process (323 bytes)
Event: 2.363 Thread 0x0000000016331000 nmethod 1143 0x0000000002b7db90 code [0x0000000002b7df20, 0x0000000002b803d8]
Event: 2.364 Thread 0x0000000016326000 1144       4       com.android.dx.dex.code.CodeAddress::<init> (7 bytes)
Event: 2.365 Thread 0x0000000016326000 nmethod 1144 0x0000000002b6d210 code [0x0000000002b6d360, 0x0000000002b6d418]
Event: 2.365 Thread 0x0000000016331000 1145       3       com.android.dx.dex.code.RopTranslator$1::visitPlainCstInsn (64 bytes)

GC Heap History (0 events):
No events

Deoptimization events (10 events):
Event: 0.739 Thread 0x0000000016540000 Uncommon trap: reason=unstable_if action=reinterpret pc=0x00000000028c485c method=java.util.HashMap.getNode(ILjava/lang/Object;)Ljava/util/HashMap$Node; @ 129
Event: 1.052 Thread 0x00000000024f0800 Uncommon trap: reason=unstable_if action=reinterpret pc=0x000000000295f680 method=java.lang.String.<init>([CII)V @ 18
Event: 1.053 Thread 0x0000000016540000 Uncommon trap: reason=unstable_if action=reinterpret pc=0x00000000028dea30 method=java.util.BitSet.nextSetBit(I)I @ 87
Event: 1.072 Thread 0x0000000016540000 Uncommon trap: reason=unstable_if action=reinterpret pc=0x0000000002904580 method=com.android.dx.rop.cst.CstFieldRef.compareTo0(Lcom/android/dx/rop/cst/Constant;)I @ 7
Event: 1.318 Thread 0x00000000024f0800 Uncommon trap: reason=unstable_if action=reinterpret pc=0x000000000293499c method=java.lang.String.<init>([CII)V @ 18
Event: 1.418 Thread 0x00000000164c0800 Uncommon trap: reason=class_check action=maybe_recompile pc=0x00000000029e6194 method=com.android.dx.ssa.NormalSsaInsn.accept(Lcom/android/dx/ssa/SsaInsn$Visitor;)V @ 9
Event: 1.418 Thread 0x00000000164c0800 Uncommon trap: reason=class_check action=maybe_recompile pc=0x0000000002974f70 method=com.android.dx.ssa.NormalSsaInsn.accept(Lcom/android/dx/ssa/SsaInsn$Visitor;)V @ 9
Event: 1.418 Thread 0x00000000164c0800 Uncommon trap: reason=class_check action=maybe_recompile pc=0x0000000002974f70 method=com.android.dx.ssa.NormalSsaInsn.accept(Lcom/android/dx/ssa/SsaInsn$Visitor;)V @ 9
Event: 1.824 Thread 0x0000000016540000 Uncommon trap: reason=null_check action=make_not_entrant pc=0x0000000002a424a0 method=com.android.dx.rop.type.Type.equals(Ljava/lang/Object;)Z @ 8
Event: 1.825 Thread 0x0000000016540000 Uncommon trap: reason=unstable_if action=reinterpret pc=0x000000000297e234 method=java.util.BitSet.ensureCapacity(I)V @ 6

Internal exceptions (3 events):
Event: 0.055 Thread 0x00000000024f0800 Exception <a 'java/lang/NoSuchMethodError': Method sun.misc.Unsafe.defineClass(Ljava/lang/String;[BII)Ljava/lang/Class; name or signature does not match> (0x00000000eab07cc0) thrown at [C:\re\workspace\8-2-build-windows-amd64-cygwin\jdk8u91\6644\hotspot\srAUSøï[¬?
Event: 0.055 Thread 0x00000000024f0800 Exception <a 'java/lang/NoSuchMethodError': Method sun.misc.Unsafe.prefetchRead(Ljava/lang/Object;J)V name or signature does not match> (0x00000000eab07fa8) thrown at [C:\re\workspace\8-2-build-windows-amd64-cygwin\jdk8u91\6644\hotspot\src\share\vm\prims\j&|qW.ý?
Event: 1.824 Thread 0x0000000016540000 Implicit null exception at 0x0000000002a423a2 to 0x0000000002a42492

Events (10 events):
Event: 1.669 loading class com/android/dx/dex/file/FieldAnnotationStruct
Event: 1.669 loading class com/android/dx/dex/file/FieldAnnotationStruct done
Event: 1.730 Executing VM operation: ForceSafepoint
Event: 1.815 Executing VM operation: ForceSafepoint done
Event: 1.824 Thread 0x0000000016540000 Uncommon trap: trap_request=0xfffffff4 fr.pc=0x0000000002a424a0
Event: 1.824 Thread 0x0000000016540000 DEOPT PACKING pc=0x0000000002a424a0 sp=0x000000001711e560
Event: 1.824 Thread 0x0000000016540000 DEOPT UNPACKING pc=0x000000000273582a sp=0x000000001711e4f8 mode 2
Event: 1.825 Thread 0x0000000016540000 Uncommon trap: trap_request=0xffffff65 fr.pc=0x000000000297e234
Event: 1.825 Thread 0x0000000016540000 DEOPT PACKING pc=0x000000000297e234 sp=0x000000001711e970
Event: 1.825 Thread 0x0000000016540000 DEOPT UNPACKING pc=0x000000000273582a sp=0x000000001711e858 mode 2


Dynamic libraries:
0x00007ff6cbf90000 - 0x00007ff6cbfc7000 	D:\jdk8\bin\java.exe
0x00007ff9377b0000 - 0x00007ff937959000 	C:\Windows\SYSTEM32\ntdll.dll
0x00007ff9373e0000 - 0x00007ff937519000 	C:\Windows\system32\KERNEL32.DLL
0x00007ff934c50000 - 0x00007ff934d5e000 	C:\Windows\system32\KERNELBASE.dll
0x00007ff9350a0000 - 0x00007ff935145000 	C:\Windows\system32\ADVAPI32.dll
0x00007ff936c00000 - 0x00007ff936d71000 	C:\Windows\system32\USER32.dll
0x00007ff9323d0000 - 0x00007ff93262a000 	C:\Windows\WinSxS\amd64_microsoft.windows.common-controls_6595b64144ccf1df_6.0.9600.16384_none_62475f7becb72503\COMCTL32.dll
0x00007ff936b50000 - 0x00007ff936bf7000 	C:\Windows\system32\msvcrt.dll
0x00007ff9372d0000 - 0x00007ff937327000 	C:\Windows\SYSTEM32\sechost.dll
0x00007ff937650000 - 0x00007ff937786000 	C:\Windows\system32\RPCRT4.dll
0x00007ff936fa0000 - 0x00007ff9370e5000 	C:\Windows\system32\GDI32.dll
0x00007ff937520000 - 0x00007ff937554000 	C:\Windows\system32\IMM32.DLL
0x00007ff936950000 - 0x00007ff936a89000 	C:\Windows\system32\MSCTF.dll
0x000000006b300000 - 0x000000006b3d2000 	D:\jdk8\jre\bin\msvcr100.dll
0x000000006b640000 - 0x000000006bed3000 	D:\jdk8\jre\bin\server\jvm.dll
0x00007ff92e3f0000 - 0x00007ff92e3f9000 	C:\Windows\SYSTEM32\WSOCK32.dll
0x00007ff92ea60000 - 0x00007ff92ea7f000 	C:\Windows\SYSTEM32\WINMM.dll
0x00007ff92eb20000 - 0x00007ff92eb2a000 	C:\Windows\SYSTEM32\VERSION.dll
0x00007ff937560000 - 0x00007ff937567000 	C:\Windows\system32\PSAPI.DLL
0x00007ff935040000 - 0x00007ff935098000 	C:\Windows\system32\WS2_32.dll
0x00007ff92ea20000 - 0x00007ff92ea4a000 	C:\Windows\SYSTEM32\WINMMBASE.dll
0x00007ff9375d0000 - 0x00007ff9375d9000 	C:\Windows\system32\NSI.dll
0x00007ff934f40000 - 0x00007ff934f8a000 	C:\Windows\SYSTEM32\cfgmgr32.dll
0x00007ff933930000 - 0x00007ff933956000 	C:\Windows\SYSTEM32\DEVOBJ.dll
0x000000006c210000 - 0x000000006c21f000 	D:\jdk8\jre\bin\verify.dll
0x000000006c1e0000 - 0x000000006c209000 	D:\jdk8\jre\bin\java.dll
0x000000006c1c0000 - 0x000000006c1d6000 	D:\jdk8\jre\bin\zip.dll
0x00007ff935340000 - 0x00007ff93674d000 	C:\Windows\system32\SHELL32.dll
0x00007ff935160000 - 0x00007ff935337000 	C:\Windows\SYSTEM32\combase.dll
0x00007ff936750000 - 0x00007ff9367a1000 	C:\Windows\system32\SHLWAPI.dll
0x00007ff933180000 - 0x00007ff933221000 	C:\Windows\SYSTEM32\SHCORE.dll
0x00007ff934b30000 - 0x00007ff934b44000 	C:\Windows\SYSTEM32\profapi.dll

VM Arguments:
jvm_args: -Djava.awt.headless=true -Xmx1024M -Dfile.encoding=GBK -Duser.country=CN -Duser.language=zh -Duser.variant 
java_command: com.android.dx.command.Main --dex --num-threads=4 --output C:\Users\46358_000\Android_Security\app\build\intermediates\pre-dexed\debug\debug_3bffe1e5a2878734eab9f1394cacf35eb0b4ec33.jar C:\Users\46358_000\Android_Security\app\build\intermediates\classes\debug
java_class_path (initial): C:\Users\46358_000\AppData\Local\Android\Sdk\build-tools\23.0.0\lib\dx.jar
Launcher Type: SUN_STANDARD

Environment Variables:
CLASSPATH=C:\Program Files\Java\jre1.8.0_91\lib
PATH=C:\ProgramData\Oracle\Java\javapath;C:\Windows\system32;C:\Windows;C:\Windows\System32\Wbem;C:\Windows\System32\WindowsPowerShell\v1.0\;C:\Program Files (x86)\Intel\OpenCL SDK\2.0\bin\x86;C:\Program Files (x86)\Intel\OpenCL SDK\2.0\bin\x64;C:\Program Files (x86)\Windows Kits\8.1\Windows Performance Toolkit\;C:\Program Files\Microsoft SQL Server\110\Tools\Binn\;C:\Program Files (x86)\Microsoft SDKs\TypeScript\1.0\;C:\Program Files\Microsoft SQL Server\120\Tools\Binn\;D:\Program Files (x86)\matlab\runtime\win64;D:\Program Files (x86)\matlab\bin;D:\Program Files (x86)\matlab\polyspace\bin;C:\Program Files\Java\jre1.8.0_91\bin£»C:\Users\46358_000\AppData\Local\Android\Sdk\platform-tools;;D:\Git\cmd
USERNAME=46358_000
OS=Windows_NT
PROCESSOR_IDENTIFIER=Intel64 Family 6 Model 42 Stepping 7, GenuineIntel



---------------  S Y S T E M  ---------------

OS: Windows 8.1 , 64 bit Build 9600 (6.3.9600.16656)

CPU:total 4 (2 cores per cpu, 2 threads per core) family 6 model 42 stepping 7, cmov, cx8, fxsr, mmx, sse, sse2, sse3, ssse3, sse4.1, sse4.2, popcnt, avx, aes, clmul, ht, tsc, tscinvbit

Memory: 4k page, physical 6233964k(1043080k free), swap 9305964k(5868k free)

vm_info: Java HotSpot(TM) 64-Bit Server VM (25.91-b14) for windows-amd64 JRE (1.8.0_91-b14), built on Apr  1 2016 00:58:32 by "java_re" with MS VC++ 10.0 (VS2010)

time: Tue Aug 16 19:58:48 2016
elapsed time: 2 seconds (0d 0h 0m 2s)

