#
# There is insufficient memory for the Java Runtime Environment to continue.
# Native memory allocation (malloc) failed to allocate 131088 bytes for Chunk::new
# Possible reasons:
#   The system is out of physical RAM or swap space
#   In 32 bit mode, the process size limit was hit
# Possible solutions:
#   Reduce memory load on the system
#   Increase physical memory or swap space
#   Check if swap backing store is full
#   Use 64 bit Java on a 64 bit OS
#   Decrease Java heap size (-Xmx/-Xms)
#   Decrease number of Java threads
#   Decrease Java thread stack sizes (-Xss)
#   Set larger code cache with -XX:ReservedCodeCacheSize=
# This output file may be truncated or incomplete.
#
#  Out of Memory Error (allocation.cpp:390), pid=19680, tid=17572
#
# JRE version: Java(TM) SE Runtime Environment (8.0_91-b14) (build 1.8.0_91-b14)
# Java VM: Java HotSpot(TM) 64-Bit Server VM (25.91-b14 mixed mode windows-amd64 compressed oops)
# Failed to write core dump. Minidumps are not enabled by default on client versions of Windows
#

---------------  T H R E A D  ---------------

Current thread (0x000000001506a000):  JavaThread "C2 CompilerThread0" daemon [_thread_in_native, id=17572, stack(0x0000000016560000,0x0000000016660000)]

Stack: [0x0000000016560000,0x0000000016660000]
[error occurred during error reporting (printing stack bounds), id 0xc0000005]

Native frames: (J=compiled Java code, j=interpreted, Vv=VM code, C=native code)


Current CompileTask:
C2:   6499 1233       4       com.android.dx.ssa.SCCP::simulateBranch (666 bytes)


---------------  P R O C E S S  ---------------

Java Threads: ( => current thread )
  0x00000000168e6800 JavaThread "pool-1-thread-4" [_thread_blocked, id=4184, stack(0x0000000017260000,0x0000000017360000)]
  0x00000000168e5800 JavaThread "pool-1-thread-3" [_thread_blocked, id=4304, stack(0x0000000017160000,0x0000000017260000)]
  0x00000000168d3800 JavaThread "pool-1-thread-2" [_thread_blocked, id=16992, stack(0x0000000017060000,0x0000000017160000)]
  0x00000000168d0800 JavaThread "pool-2-thread-1" [_thread_blocked, id=19080, stack(0x0000000016f60000,0x0000000017060000)]
  0x00000000168d0000 JavaThread "pool-1-thread-1" [_thread_blocked, id=2668, stack(0x0000000016e60000,0x0000000016f60000)]
  0x00000000166c1800 JavaThread "Service Thread" daemon [_thread_blocked, id=19944, stack(0x0000000016c60000,0x0000000016d60000)]
  0x00000000166ba800 JavaThread "C1 CompilerThread2" daemon [_thread_in_vm, id=19372, stack(0x0000000016b60000,0x0000000016c60000)]
  0x00000000166b4800 JavaThread "C2 CompilerThread1" daemon [_thread_in_native, id=20280, stack(0x0000000016a60000,0x0000000016b60000)]
=>0x000000001506a000 JavaThread "C2 CompilerThread0" daemon [_thread_in_native, id=17572, stack(0x0000000016560000,0x0000000016660000)]
  0x000000001501b800 JavaThread "Attach Listener" daemon [_thread_blocked, id=18924, stack(0x0000000016460000,0x0000000016560000)]
  0x000000001501a800 JavaThread "Signal Dispatcher" daemon [_thread_blocked, id=2424, stack(0x0000000016360000,0x0000000016460000)]
  0x0000000014ffa800 JavaThread "Finalizer" daemon [_thread_blocked, id=18980, stack(0x0000000016260000,0x0000000016360000)]
  0x000000000292f000 JavaThread "Reference Handler" daemon [_thread_blocked, id=15860, stack(0x0000000016160000,0x0000000016260000)]
  0x0000000002840800 JavaThread "main" [_thread_blocked, id=18992, stack(0x0000000002740000,0x0000000002840000)]

Other Threads:
  0x0000000014fd8000 VMThread [stack: 0x0000000016060000,0x0000000016160000] [id=20396]
  0x0000000016730000 WatcherThread [stack: 0x0000000016d60000,0x0000000016e60000] [id=20144]

VM state:synchronizing (normal execution)

VM Mutex/Monitor currently owned by a thread:  ([mutex/lock_event])
[0x00000000023bbf20] Threads_lock - owner thread: 0x0000000014fd8000
[0x00000000023bbe20] Heap_lock - owner thread: 0x00000000168d3800

Heap:
 PSYoungGen      total 28672K, used 28647K [0x00000000eab00000, 0x00000000ee300000, 0x0000000100000000)
  eden space 24576K, 100% used [0x00000000eab00000,0x00000000ec300000,0x00000000ec300000)
  from space 4096K, 99% used [0x00000000ec300000,0x00000000ec6f9f00,0x00000000ec700000)
  to   space 4096K, 0% used [0x00000000edf00000,0x00000000edf00000,0x00000000ee300000)
 ParOldGen       total 65536K, used 2025K [0x00000000c0000000, 0x00000000c4000000, 0x00000000eab00000)
  object space 65536K, 3% used [0x00000000c0000000,0x00000000c01fa450,0x00000000c4000000)
 Metaspace       used 6018K, capacity 6960K, committed 7040K, reserved 1056768K
  class space    used 597K, capacity 616K, committed 640K, reserved 1048576K

Card table byte_map: [0x0000000011d00000,0x0000000011f10000] byte_map_base: 0x0000000011700000

Marking Bits: (ParMarkBitMap*) 0x000000006be52f70
 Begin Bits: [0x0000000012470000, 0x0000000013470000)
 End Bits:   [0x0000000013470000, 0x0000000014470000)

Polling page: 0x0000000000aa0000

CodeCache: size=245760Kb used=5066Kb max_used=5077Kb free=240693Kb
 bounds [0x0000000002940000, 0x0000000002e40000, 0x0000000011940000]
 total_blobs=1525 nmethods=1254 adapters=184
 compilation: enabled

Compilation events (10 events):
Event: 5.789 Thread 0x00000000166ba800 1255       1       com.android.dx.ssa.PhiInsn::getOpcode (2 bytes)
Event: 5.789 Thread 0x00000000166ba800 nmethod 1255 0x0000000002e2da50 code [0x0000000002e2dba0, 0x0000000002e2dcb0]
Event: 5.790 Thread 0x00000000166ba800 1256       3       com.android.dx.cf.code.RopperMachine::updateReturnOp (115 bytes)
Event: 5.791 Thread 0x00000000166ba800 nmethod 1256 0x0000000002e32f50 code [0x0000000002e331e0, 0x0000000002e34418]
Event: 5.792 Thread 0x00000000166ba800 1257       3       com.android.dx.ssa.SsaMethod$2::visitPhiInsn (6 bytes)
Event: 5.792 Thread 0x00000000166ba800 nmethod 1257 0x0000000002e32bd0 code [0x0000000002e32d40, 0x0000000002e32ec8]
Event: 5.793 Thread 0x00000000166ba800 1258       3       com.android.dx.util.IntList::makeImmutable (25 bytes)
Event: 5.793 Thread 0x00000000166ba800 nmethod 1258 0x0000000002e324d0 code [0x0000000002e32660, 0x0000000002e32a88]
Event: 5.794 Thread 0x00000000166b4800 nmethod 1248 0x0000000002e390d0 code [0x0000000002e39240, 0x0000000002e394f8]
Event: 5.794 Thread 0x00000000166b4800 1251   !   4       com.android.dx.cf.code.BytecodeArray::parseInstruction (2764 bytes)

GC Heap History (2 events):
Event: 5.341 GC heap before
{Heap before GC invocations=1 (full 0):
 PSYoungGen      total 28672K, used 24576K [0x00000000eab00000, 0x00000000ecb00000, 0x0000000100000000)
  eden space 24576K, 100% used [0x00000000eab00000,0x00000000ec300000,0x00000000ec300000)
  from space 4096K, 0% used [0x00000000ec700000,0x00000000ec700000,0x00000000ecb00000)
  to   space 4096K, 0% used [0x00000000ec300000,0x00000000ec300000,0x00000000ec700000)
 ParOldGen       total 65536K, used 0K [0x00000000c0000000, 0x00000000c4000000, 0x00000000eab00000)
  object space 65536K, 0% used [0x00000000c0000000,0x00000000c0000000,0x00000000c4000000)
 Metaspace       used 5914K, capacity 6896K, committed 7040K, reserved 1056768K
  class space    used 597K, capacity 616K, committed 640K, reserved 1048576K
Event: 5.406 GC heap after
Heap after GC invocations=1 (full 0):
 PSYoungGen      total 28672K, used 4071K [0x00000000eab00000, 0x00000000ee300000, 0x0000000100000000)
  eden space 24576K, 0% used [0x00000000eab00000,0x00000000eab00000,0x00000000ec300000)
  from space 4096K, 99% used [0x00000000ec300000,0x00000000ec6f9f00,0x00000000ec700000)
  to   space 4096K, 0% used [0x00000000edf00000,0x00000000edf00000,0x00000000ee300000)
 ParOldGen       total 65536K, used 2025K [0x00000000c0000000, 0x00000000c4000000, 0x00000000eab00000)
  object space 65536K, 3% used [0x00000000c0000000,0x00000000c01fa450,0x00000000c4000000)
 Metaspace       used 5914K, capacity 6896K, committed 7040K, reserved 1056768K
  class space    used 597K, capacity 616K, committed 640K, reserved 1048576K
}

Deoptimization events (9 events):
Event: 4.259 Thread 0x00000000168e6800 Uncommon trap: reason=bimorphic action=maybe_recompile pc=0x0000000002b3ec20 method=java.util.HashMap.getNode(ILjava/lang/Object;)Ljava/util/HashMap$Node; @ 126
Event: 4.259 Thread 0x00000000168e6800 Uncommon trap: reason=bimorphic action=maybe_recompile pc=0x0000000002b3ec20 method=java.util.HashMap.getNode(ILjava/lang/Object;)Ljava/util/HashMap$Node; @ 126
Event: 4.259 Thread 0x00000000168e6800 Uncommon trap: reason=bimorphic action=maybe_recompile pc=0x0000000002b3ec20 method=java.util.HashMap.getNode(ILjava/lang/Object;)Ljava/util/HashMap$Node; @ 126
Event: 4.259 Thread 0x00000000168e6800 Uncommon trap: reason=bimorphic action=maybe_recompile pc=0x0000000002b3ec20 method=java.util.HashMap.getNode(ILjava/lang/Object;)Ljava/util/HashMap$Node; @ 126
Event: 4.259 Thread 0x00000000168e6800 Uncommon trap: reason=unstable_if action=reinterpret pc=0x0000000002b66b5c method=com.android.dx.rop.cst.Constant.compareTo(Lcom/android/dx/rop/cst/Constant;)I @ 12
Event: 4.259 Thread 0x00000000168e6800 Uncommon trap: reason=bimorphic action=maybe_recompile pc=0x0000000002b366f0 method=java.util.HashMap.getNode(ILjava/lang/Object;)Ljava/util/HashMap$Node; @ 126
Event: 4.690 Thread 0x00000000168d0000 Uncommon trap: reason=unstable_if action=reinterpret pc=0x0000000002c1f0d0 method=com.android.dx.ssa.SsaRenamer$BlockRenamer.addMapping(ILcom/android/dx/rop/code/RegisterSpec;)V @ 120
Event: 5.469 Thread 0x00000000168e6800 Uncommon trap: reason=unstable_if action=reinterpret pc=0x0000000002da4478 method=com.android.dx.cf.code.Ropper.labelToResultIndex(I)I @ 34
Event: 5.477 Thread 0x0000000002840800 Uncommon trap: reason=unstable_if action=reinterpret pc=0x0000000002d611f8 method=com.android.dx.rop.cst.StdConstantPool.set(ILcom/android/dx/rop/cst/Constant;)V @ 12

Internal exceptions (2 events):
Event: 0.034 Thread 0x0000000002840800 Exception <a 'java/lang/NoSuchMethodError': Method sun.misc.Unsafe.defineClass(Ljava/lang/String;[BII)Ljava/lang/Class; name or signature does not match> (0x00000000eab07cc0) thrown at [C:\re\workspace\8-2-build-windows-amd64-cygwin\jdk8u91\6644\hotspot\sróB~¾£¡?
Event: 0.034 Thread 0x0000000002840800 Exception <a 'java/lang/NoSuchMethodError': Method sun.misc.Unsafe.prefetchRead(Ljava/lang/Object;J)V name or signature does not match> (0x00000000eab07fa8) thrown at [C:\re\workspace\8-2-build-windows-amd64-cygwin\jdk8u91\6644\hotspot\src\share\vm\prims\j

Events (10 events):
Event: 4.690 Thread 0x00000000168d0000 DEOPT PACKING pc=0x0000000002c1f0d0 sp=0x0000000016f5e340
Event: 4.690 Thread 0x00000000168d0000 DEOPT UNPACKING pc=0x000000000298582a sp=0x0000000016f5e2e8 mode 2
Event: 5.300 Executing VM operation: ParallelGCFailedAllocation
Event: 5.407 Executing VM operation: ParallelGCFailedAllocation done
Event: 5.469 Thread 0x00000000168e6800 Uncommon trap: trap_request=0xffffff65 fr.pc=0x0000000002da4478
Event: 5.469 Thread 0x00000000168e6800 DEOPT PACKING pc=0x0000000002da4478 sp=0x000000001735e980
Event: 5.469 Thread 0x00000000168e6800 DEOPT UNPACKING pc=0x000000000298582a sp=0x000000001735e928 mode 2
Event: 5.477 Thread 0x0000000002840800 Uncommon trap: trap_request=0xffffff65 fr.pc=0x0000000002d611f8
Event: 5.477 Thread 0x0000000002840800 DEOPT PACKING pc=0x0000000002d611f8 sp=0x000000000283eb70
Event: 5.477 Thread 0x0000000002840800 DEOPT UNPACKING pc=0x000000000298582a sp=0x000000000283eac8 mode 2


Dynamic libraries:
0x00007ff6cbf90000 - 0x00007ff6cbfc7000 	D:\jdk8\bin\java.exe
0x00007ff9377b0000 - 0x00007ff937959000 	C:\Windows\SYSTEM32\ntdll.dll
0x00007ff9373e0000 - 0x00007ff937519000 	C:\Windows\system32\KERNEL32.DLL
0x00007ff934c50000 - 0x00007ff934d5e000 	C:\Windows\system32\KERNELBASE.dll
0x00007ff9350a0000 - 0x00007ff935145000 	C:\Windows\system32\ADVAPI32.dll
0x00007ff936c00000 - 0x00007ff936d71000 	C:\Windows\system32\USER32.dll
0x00007ff9323d0000 - 0x00007ff93262a000 	C:\Windows\WinSxS\amd64_microsoft.windows.common-controls_6595b64144ccf1df_6.0.9600.16384_none_62475f7becb72503\COMCTL32.dll
0x00007ff936b50000 - 0x00007ff936bf7000 	C:\Windows\system32\msvcrt.dll
0x00007ff9372d0000 - 0x00007ff937327000 	C:\Windows\SYSTEM32\sechost.dll
0x00007ff937650000 - 0x00007ff937786000 	C:\Windows\system32\RPCRT4.dll
0x00007ff936fa0000 - 0x00007ff9370e5000 	C:\Windows\system32\GDI32.dll
0x00007ff937520000 - 0x00007ff937554000 	C:\Windows\system32\IMM32.DLL
0x00007ff936950000 - 0x00007ff936a89000 	C:\Windows\system32\MSCTF.dll
0x000000006b300000 - 0x000000006b3d2000 	D:\jdk8\jre\bin\msvcr100.dll
0x000000006b640000 - 0x000000006bed3000 	D:\jdk8\jre\bin\server\jvm.dll
0x00007ff92e3f0000 - 0x00007ff92e3f9000 	C:\Windows\SYSTEM32\WSOCK32.dll
0x00007ff92ea60000 - 0x00007ff92ea7f000 	C:\Windows\SYSTEM32\WINMM.dll
0x00007ff92eb20000 - 0x00007ff92eb2a000 	C:\Windows\SYSTEM32\VERSION.dll
0x00007ff937560000 - 0x00007ff937567000 	C:\Windows\system32\PSAPI.DLL
0x00007ff935040000 - 0x00007ff935098000 	C:\Windows\system32\WS2_32.dll
0x00007ff92ea20000 - 0x00007ff92ea4a000 	C:\Windows\SYSTEM32\WINMMBASE.dll
0x00007ff9375d0000 - 0x00007ff9375d9000 	C:\Windows\system32\NSI.dll
0x00007ff934f40000 - 0x00007ff934f8a000 	C:\Windows\SYSTEM32\cfgmgr32.dll
0x00007ff933930000 - 0x00007ff933956000 	C:\Windows\SYSTEM32\DEVOBJ.dll
0x000000006c210000 - 0x000000006c21f000 	D:\jdk8\jre\bin\verify.dll
0x000000006c1e0000 - 0x000000006c209000 	D:\jdk8\jre\bin\java.dll
0x000000006c1c0000 - 0x000000006c1d6000 	D:\jdk8\jre\bin\zip.dll
0x00007ff935340000 - 0x00007ff93674d000 	C:\Windows\system32\SHELL32.dll
0x00007ff935160000 - 0x00007ff935337000 	C:\Windows\SYSTEM32\combase.dll
0x00007ff936750000 - 0x00007ff9367a1000 	C:\Windows\system32\SHLWAPI.dll
0x00007ff933180000 - 0x00007ff933221000 	C:\Windows\SYSTEM32\SHCORE.dll
0x00007ff934b30000 - 0x00007ff934b44000 	C:\Windows\SYSTEM32\profapi.dll

VM Arguments:
jvm_args: -Djava.awt.headless=true -Xmx1024M -Dfile.encoding=GBK -Duser.country=CN -Duser.language=zh -Duser.variant 
java_command: com.android.dx.command.Main --dex --num-threads=4 --output C:\Users\46358_000\Android_Security\app\build\intermediates\pre-dexed\debug\com.android.support-appcompat-v7-23.0.0_847b530ef6413c0a18c965895a4e0b03ccf747cc.jar C:\Users\46358_000\Android_Security\app\build\intermediates\exploded-aar\com.android.support\appcompat-v7\23.0.0\jars\classes.jar
java_class_path (initial): C:\Users\46358_000\AppData\Local\Android\Sdk\build-tools\23.0.0\lib\dx.jar
Launcher Type: SUN_STANDARD

Environment Variables:
CLASSPATH=C:\Program Files\Java\jre1.8.0_91\lib
PATH=C:\ProgramData\Oracle\Java\javapath;C:\Windows\system32;C:\Windows;C:\Windows\System32\Wbem;C:\Windows\System32\WindowsPowerShell\v1.0\;C:\Program Files (x86)\Intel\OpenCL SDK\2.0\bin\x86;C:\Program Files (x86)\Intel\OpenCL SDK\2.0\bin\x64;C:\Program Files (x86)\Windows Kits\8.1\Windows Performance Toolkit\;C:\Program Files\Microsoft SQL Server\110\Tools\Binn\;C:\Program Files (x86)\Microsoft SDKs\TypeScript\1.0\;C:\Program Files\Microsoft SQL Server\120\Tools\Binn\;D:\Program Files (x86)\matlab\runtime\win64;D:\Program Files (x86)\matlab\bin;D:\Program Files (x86)\matlab\polyspace\bin;C:\Program Files\Java\jre1.8.0_91\bin£»C:\Users\46358_000\AppData\Local\Android\Sdk\platform-tools;;D:\Git\cmd
USERNAME=46358_000
OS=Windows_NT
PROCESSOR_IDENTIFIER=Intel64 Family 6 Model 42 Stepping 7, GenuineIntel



---------------  S Y S T E M  ---------------

OS: Windows 8.1 , 64 bit Build 9600 (6.3.9600.16656)

CPU:total 4 (2 cores per cpu, 2 threads per core) family 6 model 42 stepping 7, cmov, cx8, fxsr, mmx, sse, sse2, sse3, ssse3, sse4.1, sse4.2, popcnt, avx, aes, clmul, ht, tsc, tscinvbit

Memory: 4k page, physical 6233964k(1000464k free), swap 9305964k(27044k free)

vm_info: Java HotSpot(TM) 64-Bit Server VM (25.91-b14) for windows-amd64 JRE (1.8.0_91-b14), built on Apr  1 2016 00:58:32 by "java_re" with MS VC++ 10.0 (VS2010)

time: Tue Aug 16 19:58:40 2016
elapsed time: 6 seconds (0d 0h 0m 6s)

