#
# There is insufficient memory for the Java Runtime Environment to continue.
# Native memory allocation (malloc) failed to allocate 32784 bytes for Chunk::new
# Possible reasons:
#   The system is out of physical RAM or swap space
#   In 32 bit mode, the process size limit was hit
# Possible solutions:
#   Reduce memory load on the system
#   Increase physical memory or swap space
#   Check if swap backing store is full
#   Use 64 bit Java on a 64 bit OS
#   Decrease Java heap size (-Xmx/-Xms)
#   Decrease number of Java threads
#   Decrease Java thread stack sizes (-Xss)
#   Set larger code cache with -XX:ReservedCodeCacheSize=
# This output file may be truncated or incomplete.
#
#  Out of Memory Error (allocation.cpp:390), pid=20024, tid=6848
#
# JRE version: Java(TM) SE Runtime Environment (8.0_91-b14) (build 1.8.0_91-b14)
# Java VM: Java HotSpot(TM) 64-Bit Server VM (25.91-b14 mixed mode windows-amd64 compressed oops)
# Failed to write core dump. Minidumps are not enabled by default on client versions of Windows
#

---------------  T H R E A D  ---------------

Current thread (0x00000000156ae000):  JavaThread "C2 CompilerThread1" daemon [_thread_in_native, id=6848, stack(0x00000000170b0000,0x00000000171b0000)]

Stack: [0x00000000170b0000,0x00000000171b0000]
[error occurred during error reporting (printing stack bounds), id 0xc0000005]

Native frames: (J=compiled Java code, j=interpreted, Vv=VM code, C=native code)


Current CompileTask:
C2:  12464 1177       4       com.android.dx.ssa.SCCP::simulateStmt (481 bytes)


---------------  P R O C E S S  ---------------

Java Threads: ( => current thread )
  0x0000000016f4a800 JavaThread "pool-1-thread-4" [_thread_in_vm, id=17716, stack(0x00000000178b0000,0x00000000179b0000)]
  0x0000000016f29800 JavaThread "pool-1-thread-3" [_thread_blocked, id=20260, stack(0x00000000177b0000,0x00000000178b0000)]
  0x0000000016f28800 JavaThread "pool-1-thread-2" [_thread_in_vm, id=15904, stack(0x00000000176b0000,0x00000000177b0000)]
  0x0000000016f21800 JavaThread "pool-2-thread-1" [_thread_blocked, id=18656, stack(0x00000000175b0000,0x00000000176b0000)]
  0x0000000016f21000 JavaThread "pool-1-thread-1" [_thread_blocked, id=4112, stack(0x00000000174b0000,0x00000000175b0000)]
  0x0000000016d15000 JavaThread "Service Thread" daemon [_thread_blocked, id=19488, stack(0x00000000172b0000,0x00000000173b0000)]
  0x0000000016d07800 JavaThread "C1 CompilerThread2" daemon [_thread_in_native, id=20104, stack(0x00000000171b0000,0x00000000172b0000)]
=>0x00000000156ae000 JavaThread "C2 CompilerThread1" daemon [_thread_in_native, id=6848, stack(0x00000000170b0000,0x00000000171b0000)]
  0x00000000156ab000 JavaThread "C2 CompilerThread0" daemon [_thread_in_native, id=4276, stack(0x0000000016bb0000,0x0000000016cb0000)]
  0x00000000156aa000 JavaThread "Attach Listener" daemon [_thread_blocked, id=6944, stack(0x0000000016ab0000,0x0000000016bb0000)]
  0x000000001565d800 JavaThread "Signal Dispatcher" daemon [_thread_blocked, id=17580, stack(0x00000000169b0000,0x0000000016ab0000)]
  0x0000000002f7b800 JavaThread "Finalizer" daemon [_thread_blocked, id=18004, stack(0x00000000168b0000,0x00000000169b0000)]
  0x0000000015619000 JavaThread "Reference Handler" daemon [_thread_blocked, id=20360, stack(0x00000000167b0000,0x00000000168b0000)]
  0x0000000002e80800 JavaThread "main" [_thread_in_vm, id=19260, stack(0x0000000002a30000,0x0000000002b30000)]

Other Threads:
  0x0000000015617800 VMThread [stack: 0x00000000166b0000,0x00000000167b0000] [id=19520]
  0x0000000016d9b000 WatcherThread [stack: 0x00000000173b0000,0x00000000174b0000] [id=18784]

VM state:synchronizing (normal execution)

VM Mutex/Monitor currently owned by a thread:  ([mutex/lock_event])
[0x0000000002b6c120] Threads_lock - owner thread: 0x0000000015617800
[0x0000000002b6eb30] MethodData_lock - owner thread: 0x0000000016f28800

Heap:
 PSYoungGen      total 28672K, used 13741K [0x00000000eab00000, 0x00000000ecb00000, 0x0000000100000000)
  eden space 24576K, 39% used [0x00000000eab00000,0x00000000eb46e3e0,0x00000000ec300000)
  from space 4096K, 99% used [0x00000000ec300000,0x00000000ec6fd1e0,0x00000000ec700000)
  to   space 4096K, 0% used [0x00000000ec700000,0x00000000ec700000,0x00000000ecb00000)
 ParOldGen       total 65536K, used 1633K [0x00000000c0000000, 0x00000000c4000000, 0x00000000eab00000)
  object space 65536K, 2% used [0x00000000c0000000,0x00000000c01987f8,0x00000000c4000000)
 Metaspace       used 5936K, capacity 6896K, committed 7040K, reserved 1056768K
  class space    used 591K, capacity 616K, committed 640K, reserved 1048576K

Card table byte_map: [0x0000000012340000,0x0000000012550000] byte_map_base: 0x0000000011d40000

Marking Bits: (ParMarkBitMap*) 0x000000006be52f70
 Begin Bits: [0x0000000012ab0000, 0x0000000013ab0000)
 End Bits:   [0x0000000013ab0000, 0x0000000014ab0000)

Polling page: 0x0000000001250000

CodeCache: size=245760Kb used=4774Kb max_used=4774Kb free=240985Kb
 bounds [0x0000000002f80000, 0x0000000003430000, 0x0000000011f80000]
 total_blobs=1456 nmethods=1183 adapters=184
 compilation: enabled

Compilation events (10 events):
Event: 9.453 Thread 0x00000000156ae000 nmethod 1175 0x000000000341c4d0 code [0x000000000341c620, 0x000000000341c898]
Event: 9.453 Thread 0x0000000016d07800 nmethod 1181 0x0000000003422f50 code [0x00000000034231a0, 0x0000000003424a38]
Event: 9.453 Thread 0x00000000156ae000 1177       4       com.android.dx.ssa.SCCP::simulateStmt (481 bytes)
Event: 9.453 Thread 0x0000000016d07800 1180       3       java.util.concurrent.locks.AbstractQueuedSynchronizer::setState (6 bytes)
Event: 9.453 Thread 0x0000000016d07800 nmethod 1180 0x0000000003422c50 code [0x0000000003422da0, 0x0000000003422ef0]
Event: 9.453 Thread 0x0000000016d07800 1182       3       com.android.dx.ssa.back.SsaToRop::removePhiFunctions (83 bytes)
Event: 9.455 Thread 0x0000000016d07800 nmethod 1182 0x0000000003424f50 code [0x0000000003425220, 0x00000000034265a8]
Event: 9.455 Thread 0x0000000016d07800 1184       3       com.android.dx.ssa.back.SsaToRop::convertBasicBlocks (151 bytes)
Event: 9.458 Thread 0x0000000016d07800 nmethod 1184 0x0000000003427090 code [0x00000000034273a0, 0x0000000003428c78]
Event: 9.458 Thread 0x0000000016d07800 1183       3       com.android.dx.ssa.SsaMethod::getCountReachableBlocks (44 bytes)

GC Heap History (2 events):
Event: 10.401 GC heap before
{Heap before GC invocations=1 (full 0):
 PSYoungGen      total 28672K, used 24576K [0x00000000eab00000, 0x00000000ecb00000, 0x0000000100000000)
  eden space 24576K, 100% used [0x00000000eab00000,0x00000000ec300000,0x00000000ec300000)
  from space 4096K, 0% used [0x00000000ec700000,0x00000000ec700000,0x00000000ecb00000)
  to   space 4096K, 0% used [0x00000000ec300000,0x00000000ec300000,0x00000000ec700000)
 ParOldGen       total 65536K, used 0K [0x00000000c0000000, 0x00000000c4000000, 0x00000000eab00000)
  object space 65536K, 0% used [0x00000000c0000000,0x00000000c0000000,0x00000000c4000000)
 Metaspace       used 5913K, capacity 6896K, committed 7040K, reserved 1056768K
  class space    used 591K, capacity 616K, committed 640K, reserved 1048576K
Event: 10.506 GC heap after
Heap after GC invocations=1 (full 0):
 PSYoungGen      total 28672K, used 4084K [0x00000000eab00000, 0x00000000ecb00000, 0x0000000100000000)
  eden space 24576K, 0% used [0x00000000eab00000,0x00000000eab00000,0x00000000ec300000)
  from space 4096K, 99% used [0x00000000ec300000,0x00000000ec6fd1e0,0x00000000ec700000)
  to   space 4096K, 0% used [0x00000000ec700000,0x00000000ec700000,0x00000000ecb00000)
 ParOldGen       total 65536K, used 1633K [0x00000000c0000000, 0x00000000c4000000, 0x00000000eab00000)
  object space 65536K, 2% used [0x00000000c0000000,0x00000000c01987f8,0x00000000c4000000)
 Metaspace       used 5913K, capacity 6896K, committed 7040K, reserved 1056768K
  class space    used 591K, capacity 616K, committed 640K, reserved 1048576K
}

Deoptimization events (7 events):
Event: 8.087 Thread 0x0000000016f21000 Uncommon trap: reason=unstable_if action=reinterpret pc=0x00000000031a3c5c method=java.util.HashMap.getNode(ILjava/lang/Object;)Ljava/util/HashMap$Node; @ 129
Event: 8.795 Thread 0x0000000016f29800 Uncommon trap: reason=unstable_if action=reinterpret pc=0x0000000003201d08 method=java.util.HashMap.getNode(ILjava/lang/Object;)Ljava/util/HashMap$Node; @ 129
Event: 8.805 Thread 0x0000000016f21000 Uncommon trap: reason=unstable_if action=reinterpret pc=0x000000000320bf34 method=java.util.BitSet.ensureCapacity(I)V @ 6
Event: 8.842 Thread 0x0000000016f29800 Uncommon trap: reason=bimorphic action=maybe_recompile pc=0x0000000003321dd8 method=java.util.HashMap.getNode(ILjava/lang/Object;)Ljava/util/HashMap$Node; @ 126
Event: 8.842 Thread 0x0000000016f29800 Uncommon trap: reason=bimorphic action=maybe_recompile pc=0x0000000003321dd8 method=java.util.HashMap.getNode(ILjava/lang/Object;)Ljava/util/HashMap$Node; @ 126
Event: 8.842 Thread 0x0000000016f29800 Uncommon trap: reason=bimorphic action=maybe_recompile pc=0x0000000003321dd8 method=java.util.HashMap.getNode(ILjava/lang/Object;)Ljava/util/HashMap$Node; @ 126
Event: 8.842 Thread 0x0000000016f29800 Uncommon trap: reason=bimorphic action=maybe_recompile pc=0x0000000003321dd8 method=java.util.HashMap.getNode(ILjava/lang/Object;)Ljava/util/HashMap$Node; @ 126

Internal exceptions (2 events):
Event: 0.044 Thread 0x0000000002e80800 Exception <a 'java/lang/NoSuchMethodError': Method sun.misc.Unsafe.defineClass(Ljava/lang/String;[BII)Ljava/lang/Class; name or signature does not match> (0x00000000eab07cc0) thrown at [C:\re\workspace\8-2-build-windows-amd64-cygwin\jdk8u91\6644\hotspot\sr[.úõ%i¦?
Event: 0.044 Thread 0x0000000002e80800 Exception <a 'java/lang/NoSuchMethodError': Method sun.misc.Unsafe.prefetchRead(Ljava/lang/Object;J)V name or signature does not match> (0x00000000eab07fa8) thrown at [C:\re\workspace\8-2-build-windows-amd64-cygwin\jdk8u91\6644\hotspot\src\share\vm\prims\j

Events (10 events):
Event: 8.842 Thread 0x0000000016f29800 DEOPT PACKING pc=0x0000000003321dd8 sp=0x00000000178ae640
Event: 8.842 Thread 0x0000000016f29800 DEOPT UNPACKING pc=0x0000000002fc582a sp=0x00000000178ae5c0 mode 2
Event: 9.396 loading class com/android/dx/cf/attrib/InnerClassList
Event: 9.396 loading class com/android/dx/cf/attrib/InnerClassList done
Event: 9.397 loading class com/android/dx/cf/attrib/InnerClassList$Item
Event: 9.397 loading class com/android/dx/cf/attrib/InnerClassList$Item done
Event: 9.400 loading class com/android/dx/cf/attrib/AttInnerClasses
Event: 9.400 loading class com/android/dx/cf/attrib/AttInnerClasses done
Event: 9.458 Executing VM operation: ParallelGCFailedAllocation
Event: 10.506 Executing VM operation: ParallelGCFailedAllocation done


Dynamic libraries:
0x00007ff6cbf90000 - 0x00007ff6cbfc7000 	D:\jdk8\bin\java.exe
0x00007ff9377b0000 - 0x00007ff937959000 	C:\Windows\SYSTEM32\ntdll.dll
0x00007ff9373e0000 - 0x00007ff937519000 	C:\Windows\system32\KERNEL32.DLL
0x00007ff934c50000 - 0x00007ff934d5e000 	C:\Windows\system32\KERNELBASE.dll
0x00007ff9350a0000 - 0x00007ff935145000 	C:\Windows\system32\ADVAPI32.dll
0x00007ff936c00000 - 0x00007ff936d71000 	C:\Windows\system32\USER32.dll
0x00007ff9323d0000 - 0x00007ff93262a000 	C:\Windows\WinSxS\amd64_microsoft.windows.common-controls_6595b64144ccf1df_6.0.9600.16384_none_62475f7becb72503\COMCTL32.dll
0x00007ff936b50000 - 0x00007ff936bf7000 	C:\Windows\system32\msvcrt.dll
0x00007ff9372d0000 - 0x00007ff937327000 	C:\Windows\SYSTEM32\sechost.dll
0x00007ff937650000 - 0x00007ff937786000 	C:\Windows\system32\RPCRT4.dll
0x00007ff936fa0000 - 0x00007ff9370e5000 	C:\Windows\system32\GDI32.dll
0x00007ff937520000 - 0x00007ff937554000 	C:\Windows\system32\IMM32.DLL
0x00007ff936950000 - 0x00007ff936a89000 	C:\Windows\system32\MSCTF.dll
0x000000006b300000 - 0x000000006b3d2000 	D:\jdk8\jre\bin\msvcr100.dll
0x000000006b640000 - 0x000000006bed3000 	D:\jdk8\jre\bin\server\jvm.dll
0x00007ff92e3f0000 - 0x00007ff92e3f9000 	C:\Windows\SYSTEM32\WSOCK32.dll
0x00007ff92ea60000 - 0x00007ff92ea7f000 	C:\Windows\SYSTEM32\WINMM.dll
0x00007ff92eb20000 - 0x00007ff92eb2a000 	C:\Windows\SYSTEM32\VERSION.dll
0x00007ff937560000 - 0x00007ff937567000 	C:\Windows\system32\PSAPI.DLL
0x00007ff935040000 - 0x00007ff935098000 	C:\Windows\system32\WS2_32.dll
0x00007ff92ea20000 - 0x00007ff92ea4a000 	C:\Windows\SYSTEM32\WINMMBASE.dll
0x00007ff9375d0000 - 0x00007ff9375d9000 	C:\Windows\system32\NSI.dll
0x00007ff934f40000 - 0x00007ff934f8a000 	C:\Windows\SYSTEM32\cfgmgr32.dll
0x00007ff933930000 - 0x00007ff933956000 	C:\Windows\SYSTEM32\DEVOBJ.dll
0x000000006c210000 - 0x000000006c21f000 	D:\jdk8\jre\bin\verify.dll
0x000000006c1e0000 - 0x000000006c209000 	D:\jdk8\jre\bin\java.dll
0x000000006c1c0000 - 0x000000006c1d6000 	D:\jdk8\jre\bin\zip.dll
0x00007ff935340000 - 0x00007ff93674d000 	C:\Windows\system32\SHELL32.dll
0x00007ff935160000 - 0x00007ff935337000 	C:\Windows\SYSTEM32\combase.dll
0x00007ff936750000 - 0x00007ff9367a1000 	C:\Windows\system32\SHLWAPI.dll
0x00007ff933180000 - 0x00007ff933221000 	C:\Windows\SYSTEM32\SHCORE.dll
0x00007ff934b30000 - 0x00007ff934b44000 	C:\Windows\SYSTEM32\profapi.dll

VM Arguments:
jvm_args: -Djava.awt.headless=true -Xmx1024M -Dfile.encoding=GBK -Duser.country=CN -Duser.language=zh -Duser.variant 
java_command: com.android.dx.command.Main --dex --num-threads=4 --output C:\Users\46358_000\Android_Security\app\build\intermediates\pre-dexed\debug\httpcore-4.2.4_683bfe16b153633c5f4feea0e53273282abc5a4c.jar C:\Users\46358_000\Android_Security\app\src\main\libs\httpcomponents-client-4.2.5\lib\httpcore-4.2.4.jar
java_class_path (initial): C:\Users\46358_000\AppData\Local\Android\Sdk\build-tools\23.0.0\lib\dx.jar
Launcher Type: SUN_STANDARD

Environment Variables:
CLASSPATH=C:\Program Files\Java\jre1.8.0_91\lib
PATH=C:\ProgramData\Oracle\Java\javapath;C:\Windows\system32;C:\Windows;C:\Windows\System32\Wbem;C:\Windows\System32\WindowsPowerShell\v1.0\;C:\Program Files (x86)\Intel\OpenCL SDK\2.0\bin\x86;C:\Program Files (x86)\Intel\OpenCL SDK\2.0\bin\x64;C:\Program Files (x86)\Windows Kits\8.1\Windows Performance Toolkit\;C:\Program Files\Microsoft SQL Server\110\Tools\Binn\;C:\Program Files (x86)\Microsoft SDKs\TypeScript\1.0\;C:\Program Files\Microsoft SQL Server\120\Tools\Binn\;D:\Program Files (x86)\matlab\runtime\win64;D:\Program Files (x86)\matlab\bin;D:\Program Files (x86)\matlab\polyspace\bin;C:\Program Files\Java\jre1.8.0_91\bin£»C:\Users\46358_000\AppData\Local\Android\Sdk\platform-tools;;D:\Git\cmd
USERNAME=46358_000
OS=Windows_NT
PROCESSOR_IDENTIFIER=Intel64 Family 6 Model 42 Stepping 7, GenuineIntel



---------------  S Y S T E M  ---------------

OS: Windows 8.1 , 64 bit Build 9600 (6.3.9600.16656)

CPU:total 4 (2 cores per cpu, 2 threads per core) family 6 model 42 stepping 7, cmov, cx8, fxsr, mmx, sse, sse2, sse3, ssse3, sse4.1, sse4.2, popcnt, avx, aes, clmul, ht, tsc, tscinvbit

Memory: 4k page, physical 6233964k(1150556k free), swap 9305964k(390824k free)

vm_info: Java HotSpot(TM) 64-Bit Server VM (25.91-b14) for windows-amd64 JRE (1.8.0_91-b14), built on Apr  1 2016 00:58:32 by "java_re" with MS VC++ 10.0 (VS2010)

time: Tue Aug 16 19:58:41 2016
elapsed time: 12 seconds (0d 0h 0m 12s)

