#
# There is insufficient memory for the Java Runtime Environment to continue.
# Native memory allocation (malloc) failed to allocate 32744 bytes for ChunkPool::allocate
# Possible reasons:
#   The system is out of physical RAM or swap space
#   In 32 bit mode, the process size limit was hit
# Possible solutions:
#   Reduce memory load on the system
#   Increase physical memory or swap space
#   Check if swap backing store is full
#   Use 64 bit Java on a 64 bit OS
#   Decrease Java heap size (-Xmx/-Xms)
#   Decrease number of Java threads
#   Decrease Java thread stack sizes (-Xss)
#   Set larger code cache with -XX:ReservedCodeCacheSize=
# This output file may be truncated or incomplete.
#
#  Out of Memory Error (allocation.cpp:273), pid=4300, tid=7916
#
# JRE version: Java(TM) SE Runtime Environment (8.0_91-b14) (build 1.8.0_91-b14)
# Java VM: Java HotSpot(TM) 64-Bit Server VM (25.91-b14 mixed mode windows-amd64 compressed oops)
# Failed to write core dump. Minidumps are not enabled by default on client versions of Windows
#

---------------  T H R E A D  ---------------

Current thread (0x0000000016440800):  JavaThread "C2 CompilerThread1" daemon [_thread_in_native, id=7916, stack(0x0000000016840000,0x0000000016940000)]

Stack: [0x0000000016840000,0x0000000016940000]
[error occurred during error reporting (printing stack bounds), id 0xc0000005]

Native frames: (J=compiled Java code, j=interpreted, Vv=VM code, C=native code)


Current CompileTask:
C2:  21525 1605   !   4       com.android.dx.cf.code.BytecodeArray::parseInstruction (2764 bytes)


---------------  P R O C E S S  ---------------

Java Threads: ( => current thread )
  0x00000000166c9800 JavaThread "pool-1-thread-4" [_thread_in_vm, id=8472, stack(0x0000000017040000,0x0000000017140000)]
  0x00000000166c8800 JavaThread "pool-1-thread-3" [_thread_in_Java, id=9900, stack(0x0000000016f40000,0x0000000017040000)]
  0x00000000166c2000 JavaThread "pool-1-thread-2" [_thread_in_Java, id=9636, stack(0x0000000016e40000,0x0000000016f40000)]
  0x00000000166be000 JavaThread "pool-2-thread-1" [_thread_blocked, id=7360, stack(0x0000000016d40000,0x0000000016e40000)]
  0x00000000166bd000 JavaThread "pool-1-thread-1" [_thread_in_Java, id=8780, stack(0x0000000016c40000,0x0000000016d40000)]
  0x00000000164a8800 JavaThread "Service Thread" daemon [_thread_blocked, id=9536, stack(0x0000000016a40000,0x0000000016b40000)]
  0x000000001649c800 JavaThread "C1 CompilerThread2" daemon [_thread_blocked, id=6120, stack(0x0000000016940000,0x0000000016a40000)]
=>0x0000000016440800 JavaThread "C2 CompilerThread1" daemon [_thread_in_native, id=7916, stack(0x0000000016840000,0x0000000016940000)]
  0x0000000014e4b800 JavaThread "C2 CompilerThread0" daemon [_thread_in_native, id=2128, stack(0x0000000016340000,0x0000000016440000)]
  0x0000000014e4a000 JavaThread "Attach Listener" daemon [_thread_blocked, id=6976, stack(0x0000000016240000,0x0000000016340000)]
  0x0000000014dfe800 JavaThread "Signal Dispatcher" daemon [_thread_blocked, id=6868, stack(0x0000000016140000,0x0000000016240000)]
  0x0000000014dda000 JavaThread "Finalizer" daemon [_thread_blocked, id=10112, stack(0x0000000016040000,0x0000000016140000)]
  0x0000000014db9000 JavaThread "Reference Handler" daemon [_thread_blocked, id=7572, stack(0x0000000015f40000,0x0000000016040000)]
  0x0000000002620800 JavaThread "main" [_thread_in_Java, id=1972, stack(0x0000000002160000,0x0000000002260000)]

Other Threads:
  0x0000000014db7000 VMThread [stack: 0x0000000015e40000,0x0000000015f40000] [id=1916]
  0x00000000164f8000 WatcherThread [stack: 0x0000000016b40000,0x0000000016c40000] [id=4400]

VM state:not at safepoint (normal execution)

VM Mutex/Monitor currently owned by a thread: None

Heap:
 PSYoungGen      total 28672K, used 16144K [0x00000000eab00000, 0x00000000ecb00000, 0x0000000100000000)
  eden space 24576K, 49% used [0x00000000eab00000,0x00000000eb6ca4e0,0x00000000ec300000)
  from space 4096K, 99% used [0x00000000ec700000,0x00000000ecaf9ea8,0x00000000ecb00000)
  to   space 4096K, 0% used [0x00000000ec300000,0x00000000ec300000,0x00000000ec700000)
 ParOldGen       total 65536K, used 12922K [0x00000000c0000000, 0x00000000c4000000, 0x00000000eab00000)
  object space 65536K, 19% used [0x00000000c0000000,0x00000000c0c9ebb8,0x00000000c4000000)
 Metaspace       used 6187K, capacity 7088K, committed 7296K, reserved 1056768K
  class space    used 597K, capacity 616K, committed 640K, reserved 1048576K

Card table byte_map: [0x0000000011ae0000,0x0000000011cf0000] byte_map_base: 0x00000000114e0000

Marking Bits: (ParMarkBitMap*) 0x000000005a4b2f70
 Begin Bits: [0x0000000012250000, 0x0000000013250000)
 End Bits:   [0x0000000013250000, 0x0000000014250000)

Polling page: 0x00000000008a0000

CodeCache: size=245760Kb used=7093Kb max_used=7093Kb free=238666Kb
 bounds [0x0000000002720000, 0x0000000002e20000, 0x0000000011720000]
 total_blobs=1920 nmethods=1649 adapters=184
 compilation: enabled

Compilation events (10 events):
Event: 20.936 Thread 0x000000001649c800 1678       2       com.android.dx.rop.code.CstInsn::contentEquals (31 bytes)
Event: 20.937 Thread 0x000000001649c800 nmethod 1678 0x0000000002e0a310 code [0x0000000002e0a480, 0x0000000002e0a698]
Event: 20.951 Thread 0x000000001649c800 1679       2       com.android.dx.dex.file.AnnotationSetItem::<init> (83 bytes)
Event: 20.955 Thread 0x000000001649c800 nmethod 1679 0x0000000002e0a790 code [0x0000000002e0a980, 0x0000000002e0b188]
Event: 21.012 Thread 0x000000001649c800 1680       2       java.util.concurrent.locks.AbstractQueuedSynchronizer::setState (6 bytes)
Event: 21.012 Thread 0x000000001649c800 nmethod 1680 0x0000000002e0b850 code [0x0000000002e0b9a0, 0x0000000002e0baf0]
Event: 21.030 Thread 0x000000001649c800 1681       2       sun.util.calendar.ZoneInfo::getTransitionIndex (156 bytes)
Event: 21.032 Thread 0x000000001649c800 nmethod 1681 0x0000000002e0bb50 code [0x0000000002e0bcc0, 0x0000000002e0bff0]
Event: 21.045 Thread 0x000000001649c800 1683       2       com.android.dx.cf.code.LocalVariableList::<init> (6 bytes)
Event: 21.046 Thread 0x000000001649c800 nmethod 1683 0x0000000002e0c390 code [0x0000000002e0c500, 0x0000000002e0c668]

GC Heap History (7 events):
Event: 14.441 GC heap before
{Heap before GC invocations=1 (full 0):
 PSYoungGen      total 28672K, used 24576K [0x00000000eab00000, 0x00000000ecb00000, 0x0000000100000000)
  eden space 24576K, 100% used [0x00000000eab00000,0x00000000ec300000,0x00000000ec300000)
  from space 4096K, 0% used [0x00000000ec700000,0x00000000ec700000,0x00000000ecb00000)
  to   space 4096K, 0% used [0x00000000ec300000,0x00000000ec300000,0x00000000ec700000)
 ParOldGen       total 65536K, used 0K [0x00000000c0000000, 0x00000000c4000000, 0x00000000eab00000)
  object space 65536K, 0% used [0x00000000c0000000,0x00000000c0000000,0x00000000c4000000)
 Metaspace       used 5952K, capacity 6896K, committed 7040K, reserved 1056768K
  class space    used 597K, capacity 616K, committed 640K, reserved 1048576K
Event: 14.513 GC heap after
Heap after GC invocations=1 (full 0):
 PSYoungGen      total 28672K, used 4068K [0x00000000eab00000, 0x00000000ecb00000, 0x0000000100000000)
  eden space 24576K, 0% used [0x00000000eab00000,0x00000000eab00000,0x00000000ec300000)
  from space 4096K, 99% used [0x00000000ec300000,0x00000000ec6f9068,0x00000000ec700000)
  to   space 4096K, 0% used [0x00000000ec700000,0x00000000ec700000,0x00000000ecb00000)
 ParOldGen       total 65536K, used 2284K [0x00000000c0000000, 0x00000000c4000000, 0x00000000eab00000)
  object space 65536K, 3% used [0x00000000c0000000,0x00000000c023b138,0x00000000c4000000)
 Metaspace       used 5952K, capacity 6896K, committed 7040K, reserved 1056768K
  class space    used 597K, capacity 616K, committed 640K, reserved 1048576K
}
Event: 16.866 GC heap before
{Heap before GC invocations=2 (full 0):
 PSYoungGen      total 28672K, used 28644K [0x00000000eab00000, 0x00000000ecb00000, 0x0000000100000000)
  eden space 24576K, 100% used [0x00000000eab00000,0x00000000ec300000,0x00000000ec300000)
  from space 4096K, 99% used [0x00000000ec300000,0x00000000ec6f9068,0x00000000ec700000)
  to   space 4096K, 0% used [0x00000000ec700000,0x00000000ec700000,0x00000000ecb00000)
 ParOldGen       total 65536K, used 2284K [0x00000000c0000000, 0x00000000c4000000, 0x00000000eab00000)
  object space 65536K, 3% used [0x00000000c0000000,0x00000000c023b138,0x00000000c4000000)
 Metaspace       used 6096K, capacity 7024K, committed 7296K, reserved 1056768K
  class space    used 597K, capacity 616K, committed 640K, reserved 1048576K
Event: 16.976 GC heap after
Heap after GC invocations=2 (full 0):
 PSYoungGen      total 28672K, used 4073K [0x00000000eab00000, 0x00000000ecb00000, 0x0000000100000000)
  eden space 24576K, 0% used [0x00000000eab00000,0x00000000eab00000,0x00000000ec300000)
  from space 4096K, 99% used [0x00000000ec700000,0x00000000ecafa568,0x00000000ecb00000)
  to   space 4096K, 0% used [0x00000000ec300000,0x00000000ec300000,0x00000000ec700000)
 ParOldGen       total 65536K, used 4926K [0x00000000c0000000, 0x00000000c4000000, 0x00000000eab00000)
  object space 65536K, 7% used [0x00000000c0000000,0x00000000c04cf828,0x00000000c4000000)
 Metaspace       used 6096K, capacity 7024K, committed 7296K, reserved 1056768K
  class space    used 597K, capacity 616K, committed 640K, reserved 1048576K
}
Event: 19.647 GC heap before
{Heap before GC invocations=3 (full 0):
 PSYoungGen      total 28672K, used 28649K [0x00000000eab00000, 0x00000000ecb00000, 0x0000000100000000)
  eden space 24576K, 100% used [0x00000000eab00000,0x00000000ec300000,0x00000000ec300000)
  from space 4096K, 99% used [0x00000000ec700000,0x00000000ecafa568,0x00000000ecb00000)
  to   space 4096K, 0% used [0x00000000ec300000,0x00000000ec300000,0x00000000ec700000)
 ParOldGen       total 65536K, used 4926K [0x00000000c0000000, 0x00000000c4000000, 0x00000000eab00000)
  object space 65536K, 7% used [0x00000000c0000000,0x00000000c04cf828,0x00000000c4000000)
 Metaspace       used 6141K, capacity 7088K, committed 7296K, reserved 1056768K
  class space    used 597K, capacity 616K, committed 640K, reserved 1048576K
Event: 19.778 GC heap after
Heap after GC invocations=3 (full 0):
 PSYoungGen      total 28672K, used 4071K [0x00000000eab00000, 0x00000000ecb00000, 0x0000000100000000)
  eden space 24576K, 0% used [0x00000000eab00000,0x00000000eab00000,0x00000000ec300000)
  from space 4096K, 99% used [0x00000000ec300000,0x00000000ec6f9ea8,0x00000000ec700000)
  to   space 4096K, 0% used [0x00000000ec700000,0x00000000ec700000,0x00000000ecb00000)
 ParOldGen       total 65536K, used 8801K [0x00000000c0000000, 0x00000000c4000000, 0x00000000eab00000)
  object space 65536K, 13% used [0x00000000c0000000,0x00000000c08985b0,0x00000000c4000000)
 Metaspace       used 6141K, capacity 7088K, committed 7296K, reserved 1056768K
  class space    used 597K, capacity 616K, committed 640K, reserved 1048576K
}
Event: 21.163 GC heap before
{Heap before GC invocations=4 (full 0):
 PSYoungGen      total 28672K, used 28647K [0x00000000eab00000, 0x00000000ecb00000, 0x0000000100000000)
  eden space 24576K, 100% used [0x00000000eab00000,0x00000000ec300000,0x00000000ec300000)
  from space 4096K, 99% used [0x00000000ec300000,0x00000000ec6f9ea8,0x00000000ec700000)
  to   space 4096K, 0% used [0x00000000ec700000,0x00000000ec700000,0x00000000ecb00000)
 ParOldGen       total 65536K, used 8801K [0x00000000c0000000, 0x00000000c4000000, 0x00000000eab00000)
  object space 65536K, 13% used [0x00000000c0000000,0x00000000c08985b0,0x00000000c4000000)
 Metaspace       used 6169K, capacity 7088K, committed 7296K, reserved 1056768K
  class space    used 597K, capacity 616K, committed 640K, reserved 1048576K

Deoptimization events (10 events):
Event: 19.904 Thread 0x0000000002620800 Uncommon trap: reason=bimorphic action=maybe_recompile pc=0x0000000002d55fdc method=com.android.dx.ssa.SCCP.setLatticeValueTo(IILcom/android/dx/rop/cst/Constant;)Z @ 43
Event: 19.904 Thread 0x0000000002620800 Uncommon trap: reason=bimorphic action=maybe_recompile pc=0x0000000002bdc4b4 method=java.util.HashMap.getNode(ILjava/lang/Object;)Ljava/util/HashMap$Node; @ 126
Event: 19.904 Thread 0x0000000002620800 Uncommon trap: reason=unstable_if action=reinterpret pc=0x0000000002b3c86c method=java.util.HashMap.putVal(ILjava/lang/Object;Ljava/lang/Object;ZZ)Ljava/lang/Object; @ 193
Event: 19.905 Thread 0x0000000002620800 Uncommon trap: reason=bimorphic action=maybe_recompile pc=0x0000000002bdc4b4 method=java.util.HashMap.getNode(ILjava/lang/Object;)Ljava/util/HashMap$Node; @ 126
Event: 19.905 Thread 0x0000000002620800 Uncommon trap: reason=bimorphic action=maybe_recompile pc=0x000000000295c75c method=java.util.HashMap.getNode(ILjava/lang/Object;)Ljava/util/HashMap$Node; @ 126
Event: 19.905 Thread 0x0000000002620800 Uncommon trap: reason=bimorphic action=maybe_recompile pc=0x000000000295c75c method=java.util.HashMap.getNode(ILjava/lang/Object;)Ljava/util/HashMap$Node; @ 126
Event: 19.906 Thread 0x0000000002620800 Uncommon trap: reason=bimorphic action=maybe_recompile pc=0x0000000002bdc4b4 method=java.util.HashMap.getNode(ILjava/lang/Object;)Ljava/util/HashMap$Node; @ 126
Event: 21.009 Thread 0x00000000166c9800 Uncommon trap: reason=bimorphic action=maybe_recompile pc=0x0000000002d55fdc method=com.android.dx.ssa.SCCP.setLatticeValueTo(IILcom/android/dx/rop/cst/Constant;)Z @ 43
Event: 21.010 Thread 0x00000000166c9800 Uncommon trap: reason=bimorphic action=maybe_recompile pc=0x0000000002d55fdc method=com.android.dx.ssa.SCCP.setLatticeValueTo(IILcom/android/dx/rop/cst/Constant;)Z @ 43
Event: 21.010 Thread 0x00000000166c9800 Uncommon trap: reason=bimorphic action=maybe_recompile pc=0x0000000002d55fdc method=com.android.dx.ssa.SCCP.setLatticeValueTo(IILcom/android/dx/rop/cst/Constant;)Z @ 43

Internal exceptions (4 events):
Event: 1.796 Thread 0x0000000002620800 Exception <a 'java/lang/NoSuchMethodError': Method sun.misc.Unsafe.defineClass(Ljava/lang/String;[BII)Ljava/lang/Class; name or signature does not match> (0x00000000eab07cc0) thrown at [C:\re\workspace\8-2-build-windows-amd64-cygwin\jdk8u91\6644\hotspot\sr∆ÒE^ìº¸?
Event: 1.796 Thread 0x0000000002620800 Exception <a 'java/lang/NoSuchMethodError': Method sun.misc.Unsafe.prefetchRead(Ljava/lang/Object;J)V name or signature does not match> (0x00000000eab07fa8) thrown at [C:\re\workspace\8-2-build-windows-amd64-cygwin\jdk8u91\6644\hotspot\src\share\vm\prims\j|?‰…*@
Event: 13.394 Thread 0x00000000166c9800 Implicit null exception at 0x0000000002a1d5ee to 0x0000000002a1ee7d
Event: 18.414 Thread 0x0000000002620800 Implicit null exception at 0x0000000002af99e2 to 0x0000000002af9ad2

Events (10 events):
Event: 21.009 Thread 0x00000000166c9800 Uncommon trap: trap_request=0xffffffc6 fr.pc=0x0000000002d55fdc
Event: 21.009 Thread 0x00000000166c9800 DEOPT PACKING pc=0x0000000002d55fdc sp=0x000000001713e430
Event: 21.009 Thread 0x00000000166c9800 DEOPT UNPACKING pc=0x000000000276582a sp=0x000000001713e388 mode 2
Event: 21.010 Thread 0x00000000166c9800 Uncommon trap: trap_request=0xffffffc6 fr.pc=0x0000000002d55fdc
Event: 21.010 Thread 0x00000000166c9800 DEOPT PACKING pc=0x0000000002d55fdc sp=0x000000001713e480
Event: 21.010 Thread 0x00000000166c9800 DEOPT UNPACKING pc=0x000000000276582a sp=0x000000001713e3d8 mode 2
Event: 21.010 Thread 0x00000000166c9800 Uncommon trap: trap_request=0xffffffc6 fr.pc=0x0000000002d55fdc
Event: 21.010 Thread 0x00000000166c9800 DEOPT PACKING pc=0x0000000002d55fdc sp=0x000000001713e480
Event: 21.010 Thread 0x00000000166c9800 DEOPT UNPACKING pc=0x000000000276582a sp=0x000000001713e3d8 mode 2
Event: 21.056 Executing VM operation: ParallelGCFailedAllocation


Dynamic libraries:
0x00007ff70d560000 - 0x00007ff70d597000 	D:\jdk8\bin\java.exe
0x00007ffe349c0000 - 0x00007ffe34b69000 	C:\Windows\SYSTEM32\ntdll.dll
0x00007ffe32350000 - 0x00007ffe32489000 	C:\Windows\system32\KERNEL32.DLL
0x00007ffe31ff0000 - 0x00007ffe320fe000 	C:\Windows\system32\KERNELBASE.dll
0x00007ffe33e30000 - 0x00007ffe33ed5000 	C:\Windows\system32\ADVAPI32.dll
0x00007ffe34150000 - 0x00007ffe342c1000 	C:\Windows\system32\USER32.dll
0x00007ffe2e250000 - 0x00007ffe2e4aa000 	C:\Windows\WinSxS\amd64_microsoft.windows.common-controls_6595b64144ccf1df_6.0.9600.16384_none_62475f7becb72503\COMCTL32.dll
0x00007ffe340a0000 - 0x00007ffe34147000 	C:\Windows\system32\msvcrt.dll
0x00007ffe32250000 - 0x00007ffe322a7000 	C:\Windows\SYSTEM32\sechost.dll
0x00007ffe342e0000 - 0x00007ffe34416000 	C:\Windows\system32\RPCRT4.dll
0x00007ffe33ef0000 - 0x00007ffe34035000 	C:\Windows\system32\GDI32.dll
0x00007ffe32550000 - 0x00007ffe32584000 	C:\Windows\system32\IMM32.DLL
0x00007ffe346a0000 - 0x00007ffe347d9000 	C:\Windows\system32\MSCTF.dll
0x000000005a570000 - 0x000000005a642000 	D:\jdk8\jre\bin\msvcr100.dll
0x0000000059ca0000 - 0x000000005a533000 	D:\jdk8\jre\bin\server\jvm.dll
0x00007ffe2ac00000 - 0x00007ffe2ac09000 	C:\Windows\SYSTEM32\WSOCK32.dll
0x00007ffe2aca0000 - 0x00007ffe2acbf000 	C:\Windows\SYSTEM32\WINMM.dll
0x00007ffe2b2d0000 - 0x00007ffe2b2da000 	C:\Windows\SYSTEM32\VERSION.dll
0x00007ffe34420000 - 0x00007ffe34427000 	C:\Windows\system32\PSAPI.DLL
0x00007ffe32590000 - 0x00007ffe325e8000 	C:\Windows\system32\WS2_32.dll
0x00007ffe2ac70000 - 0x00007ffe2ac9a000 	C:\Windows\SYSTEM32\WINMMBASE.dll
0x00007ffe32830000 - 0x00007ffe32839000 	C:\Windows\system32\NSI.dll
0x00007ffe32200000 - 0x00007ffe3224a000 	C:\Windows\SYSTEM32\cfgmgr32.dll
0x00007ffe30b60000 - 0x00007ffe30b86000 	C:\Windows\SYSTEM32\DEVOBJ.dll
0x0000000059c90000 - 0x0000000059c9f000 	D:\jdk8\jre\bin\verify.dll
0x0000000059c60000 - 0x0000000059c89000 	D:\jdk8\jre\bin\java.dll
0x0000000059c40000 - 0x0000000059c56000 	D:\jdk8\jre\bin\zip.dll
0x00007ffe32a20000 - 0x00007ffe33e2d000 	C:\Windows\system32\SHELL32.dll
0x00007ffe32840000 - 0x00007ffe32a17000 	C:\Windows\SYSTEM32\combase.dll
0x00007ffe34040000 - 0x00007ffe34091000 	C:\Windows\system32\SHLWAPI.dll
0x00007ffe2e7a0000 - 0x00007ffe2e841000 	C:\Windows\SYSTEM32\SHCORE.dll
0x00007ffe31d40000 - 0x00007ffe31d54000 	C:\Windows\SYSTEM32\profapi.dll

VM Arguments:
jvm_args: -Djava.awt.headless=true -Xmx1024M -Dfile.encoding=GBK -Duser.country=CN -Duser.language=zh -Duser.variant 
java_command: com.android.dx.command.Main --dex --num-threads=4 --output C:\Users\46358_000\Android_Security\app\build\intermediates\pre-dexed\debug\com.android.support-support-v4-23.0.0_c901a252eff7d42d7b5e28577dbec16d98d203b6.jar C:\Users\46358_000\Android_Security\app\build\intermediates\exploded-aar\com.android.support\support-v4\23.0.0\jars\classes.jar
java_class_path (initial): C:\Users\46358_000\AppData\Local\Android\Sdk\build-tools\23.0.0\lib\dx.jar
Launcher Type: SUN_STANDARD

Environment Variables:
CLASSPATH=C:\Program Files\Java\jre1.8.0_91\lib
PATH=C:\ProgramData\Oracle\Java\javapath;C:\Windows\system32;C:\Windows;C:\Windows\System32\Wbem;C:\Windows\System32\WindowsPowerShell\v1.0\;C:\Program Files (x86)\Intel\OpenCL SDK\2.0\bin\x86;C:\Program Files (x86)\Intel\OpenCL SDK\2.0\bin\x64;C:\Program Files (x86)\Windows Kits\8.1\Windows Performance Toolkit\;C:\Program Files\Microsoft SQL Server\110\Tools\Binn\;C:\Program Files (x86)\Microsoft SDKs\TypeScript\1.0\;C:\Program Files\Microsoft SQL Server\120\Tools\Binn\;D:\Program Files (x86)\matlab\runtime\win64;D:\Program Files (x86)\matlab\bin;D:\Program Files (x86)\matlab\polyspace\bin;C:\Program Files\Java\jre1.8.0_91\bin£ªC:\Users\46358_000\AppData\Local\Android\Sdk\platform-tools;;D:\Git\cmd
USERNAME=46358_000
OS=Windows_NT
PROCESSOR_IDENTIFIER=Intel64 Family 6 Model 42 Stepping 7, GenuineIntel



---------------  S Y S T E M  ---------------

OS: Windows 8.1 , 64 bit Build 9600 (6.3.9600.16656)

CPU:total 4 (2 cores per cpu, 2 threads per core) family 6 model 42 stepping 7, cmov, cx8, fxsr, mmx, sse, sse2, sse3, ssse3, sse4.1, sse4.2, popcnt, avx, aes, clmul, ht, tsc, tscinvbit

Memory: 4k page, physical 6233964k(99444k free), swap 9305964k(4976k free)

vm_info: Java HotSpot(TM) 64-Bit Server VM (25.91-b14) for windows-amd64 JRE (1.8.0_91-b14), built on Apr  1 2016 00:58:32 by "java_re" with MS VC++ 10.0 (VS2010)

time: Mon Aug 08 23:16:56 2016
elapsed time: 21 seconds (0d 0h 0m 21s)

