#
# There is insufficient memory for the Java Runtime Environment to continue.
# Native memory allocation (malloc) failed to allocate 1048576 bytes for AllocateHeap
# Possible reasons:
#   The system is out of physical RAM or swap space
#   In 32 bit mode, the process size limit was hit
# Possible solutions:
#   Reduce memory load on the system
#   Increase physical memory or swap space
#   Check if swap backing store is full
#   Use 64 bit Java on a 64 bit OS
#   Decrease Java heap size (-Xmx/-Xms)
#   Decrease number of Java threads
#   Decrease Java thread stack sizes (-Xss)
#   Set larger code cache with -XX:ReservedCodeCacheSize=
# This output file may be truncated or incomplete.
#
#  Out of Memory Error (memory/allocation.inline.hpp:61), pid=7724, tid=7020
#
# JRE version:  (8.0_91-b14) (build )
# Java VM: Java HotSpot(TM) 64-Bit Server VM (25.91-b14 mixed mode windows-amd64 compressed oops)
# Failed to write core dump. Minidumps are not enabled by default on client versions of Windows
#

---------------  T H R E A D  ---------------

Current thread (0x0000000002a30800):  JavaThread "Unknown thread" [_thread_in_vm, id=7020, stack(0x0000000002910000,0x0000000002a10000)]

Stack: [0x0000000002910000,0x0000000002a10000]
[error occurred during error reporting (printing stack bounds), id 0xc0000005]

Native frames: (J=compiled Java code, j=interpreted, Vv=VM code, C=native code)


---------------  P R O C E S S  ---------------

Java Threads: ( => current thread )

Other Threads:

=>0x0000000002a30800 (exited) JavaThread "Unknown thread" [_thread_in_vm, id=7020, stack(0x0000000002910000,0x0000000002a10000)]

VM state:not at safepoint (normal execution)

VM Mutex/Monitor currently owned by a thread: None

Heap:
 PSYoungGen      total 28672K, used 491K [0x00000000eab00000, 0x00000000ecb00000, 0x0000000100000000)
  eden space 24576K, 2% used [0x00000000eab00000,0x00000000eab7ae20,0x00000000ec300000)
  from space 4096K, 0% used [0x00000000ec700000,0x00000000ec700000,0x00000000ecb00000)
  to   space 4096K, 0% used [0x00000000ec300000,0x00000000ec300000,0x00000000ec700000)
 ParOldGen       total 65536K, used 0K [0x00000000c0000000, 0x00000000c4000000, 0x00000000eab00000)
  object space 65536K, 0% used [0x00000000c0000000,0x00000000c0000000,0x00000000c4000000)
 Metaspace       used 769K, capacity 4480K, committed 4480K, reserved 1056768K
  class space    used 75K, capacity 384K, committed 384K, reserved 1048576K

Card table byte_map: [0x0000000011ef0000,0x0000000012100000] byte_map_base: 0x00000000118f0000

Marking Bits: (ParMarkBitMap*) 0x000000005a4b2f70
 Begin Bits: [0x0000000012660000, 0x0000000013660000)
 End Bits:   [0x0000000013660000, 0x0000000014660000)

Polling page: 0x0000000000cf0000

CodeCache: size=245760Kb used=328Kb max_used=328Kb free=245431Kb
 bounds [0x0000000002b30000, 0x0000000002da0000, 0x0000000011b30000]
 total_blobs=58 nmethods=0 adapters=38
 compilation: enabled

Compilation events (0 events):
No events

GC Heap History (0 events):
No events

Deoptimization events (0 events):
No events

Internal exceptions (0 events):
No events

Events (10 events):
Event: 0.232 loading class java/lang/Short
Event: 0.232 loading class java/lang/Short done
Event: 0.232 loading class java/lang/Integer
Event: 0.232 loading class java/lang/Integer done
Event: 0.232 loading class java/lang/Long
Event: 0.232 loading class java/lang/Long done
Event: 0.233 loading class java/lang/NullPointerException
Event: 0.233 loading class java/lang/NullPointerException done
Event: 0.233 loading class java/lang/ArithmeticException
Event: 0.233 loading class java/lang/ArithmeticException done


Dynamic libraries:
0x00007ff70d560000 - 0x00007ff70d597000 	D:\jdk8\bin\java.exe
0x00007ffe349c0000 - 0x00007ffe34b69000 	C:\Windows\SYSTEM32\ntdll.dll
0x00007ffe32350000 - 0x00007ffe32489000 	C:\Windows\system32\KERNEL32.DLL
0x00007ffe31ff0000 - 0x00007ffe320fe000 	C:\Windows\system32\KERNELBASE.dll
0x00007ffe33e30000 - 0x00007ffe33ed5000 	C:\Windows\system32\ADVAPI32.dll
0x00007ffe34150000 - 0x00007ffe342c1000 	C:\Windows\system32\USER32.dll
0x00007ffe2e250000 - 0x00007ffe2e4aa000 	C:\Windows\WinSxS\amd64_microsoft.windows.common-controls_6595b64144ccf1df_6.0.9600.16384_none_62475f7becb72503\COMCTL32.dll
0x00007ffe340a0000 - 0x00007ffe34147000 	C:\Windows\system32\msvcrt.dll
0x00007ffe32250000 - 0x00007ffe322a7000 	C:\Windows\SYSTEM32\sechost.dll
0x00007ffe342e0000 - 0x00007ffe34416000 	C:\Windows\system32\RPCRT4.dll
0x00007ffe33ef0000 - 0x00007ffe34035000 	C:\Windows\system32\GDI32.dll
0x00007ffe32550000 - 0x00007ffe32584000 	C:\Windows\system32\IMM32.DLL
0x00007ffe346a0000 - 0x00007ffe347d9000 	C:\Windows\system32\MSCTF.dll
0x000000005a570000 - 0x000000005a642000 	D:\jdk8\jre\bin\msvcr100.dll
0x0000000059ca0000 - 0x000000005a533000 	D:\jdk8\jre\bin\server\jvm.dll
0x00007ffe2ac00000 - 0x00007ffe2ac09000 	C:\Windows\SYSTEM32\WSOCK32.dll
0x00007ffe2aca0000 - 0x00007ffe2acbf000 	C:\Windows\SYSTEM32\WINMM.dll
0x00007ffe2b2d0000 - 0x00007ffe2b2da000 	C:\Windows\SYSTEM32\VERSION.dll
0x00007ffe34420000 - 0x00007ffe34427000 	C:\Windows\system32\PSAPI.DLL
0x00007ffe32590000 - 0x00007ffe325e8000 	C:\Windows\system32\WS2_32.dll
0x00007ffe2ac70000 - 0x00007ffe2ac9a000 	C:\Windows\SYSTEM32\WINMMBASE.dll
0x00007ffe32830000 - 0x00007ffe32839000 	C:\Windows\system32\NSI.dll
0x00007ffe32200000 - 0x00007ffe3224a000 	C:\Windows\SYSTEM32\cfgmgr32.dll
0x00007ffe30b60000 - 0x00007ffe30b86000 	C:\Windows\SYSTEM32\DEVOBJ.dll
0x0000000059c90000 - 0x0000000059c9f000 	D:\jdk8\jre\bin\verify.dll
0x0000000059c60000 - 0x0000000059c89000 	D:\jdk8\jre\bin\java.dll
0x0000000059c40000 - 0x0000000059c56000 	D:\jdk8\jre\bin\zip.dll

VM Arguments:
jvm_args: -Djava.awt.headless=true -Xmx1024M -Dfile.encoding=GBK -Duser.country=CN -Duser.language=zh -Duser.variant 
java_command: com.android.dx.command.Main --dex --num-threads=4 --output C:\Users\46358_000\Android_Security\app\build\intermediates\pre-dexed\debug\debug_3bffe1e5a2878734eab9f1394cacf35eb0b4ec33.jar C:\Users\46358_000\Android_Security\app\build\intermediates\classes\debug
java_class_path (initial): C:\Users\46358_000\AppData\Local\Android\Sdk\build-tools\23.0.0\lib\dx.jar
Launcher Type: SUN_STANDARD

Environment Variables:
CLASSPATH=C:\Program Files\Java\jre1.8.0_91\lib
PATH=C:\ProgramData\Oracle\Java\javapath;C:\Windows\system32;C:\Windows;C:\Windows\System32\Wbem;C:\Windows\System32\WindowsPowerShell\v1.0\;C:\Program Files (x86)\Intel\OpenCL SDK\2.0\bin\x86;C:\Program Files (x86)\Intel\OpenCL SDK\2.0\bin\x64;C:\Program Files (x86)\Windows Kits\8.1\Windows Performance Toolkit\;C:\Program Files\Microsoft SQL Server\110\Tools\Binn\;C:\Program Files (x86)\Microsoft SDKs\TypeScript\1.0\;C:\Program Files\Microsoft SQL Server\120\Tools\Binn\;D:\Program Files (x86)\matlab\runtime\win64;D:\Program Files (x86)\matlab\bin;D:\Program Files (x86)\matlab\polyspace\bin;C:\Program Files\Java\jre1.8.0_91\bin£»C:\Users\46358_000\AppData\Local\Android\Sdk\platform-tools;;D:\Git\cmd
USERNAME=46358_000
OS=Windows_NT
PROCESSOR_IDENTIFIER=Intel64 Family 6 Model 42 Stepping 7, GenuineIntel



---------------  S Y S T E M  ---------------

OS: Windows 8.1 , 64 bit Build 9600 (6.3.9600.16656)

CPU:total 4 (2 cores per cpu, 2 threads per core) family 6 model 42 stepping 7, cmov, cx8, fxsr, mmx, sse, sse2, sse3, ssse3, sse4.1, sse4.2, popcnt, avx, aes, clmul, ht, tsc, tscinvbit

Memory: 4k page, physical 6233964k(126288k free), swap 9305964k(5436k free)

vm_info: Java HotSpot(TM) 64-Bit Server VM (25.91-b14) for windows-amd64 JRE (1.8.0_91-b14), built on Apr  1 2016 00:58:32 by "java_re" with MS VC++ 10.0 (VS2010)

time: Mon Aug 08 23:15:35 2016
elapsed time: 0 seconds (0d 0h 0m 0s)

