#
# There is insufficient memory for the Java Runtime Environment to continue.
# Native memory allocation (malloc) failed to allocate 1939376 bytes for Chunk::new
# Possible reasons:
#   The system is out of physical RAM or swap space
#   In 32 bit mode, the process size limit was hit
# Possible solutions:
#   Reduce memory load on the system
#   Increase physical memory or swap space
#   Check if swap backing store is full
#   Use 64 bit Java on a 64 bit OS
#   Decrease Java heap size (-Xmx/-Xms)
#   Decrease number of Java threads
#   Decrease Java thread stack sizes (-Xss)
#   Set larger code cache with -XX:ReservedCodeCacheSize=
# This output file may be truncated or incomplete.
#
#  Out of Memory Error (allocation.cpp:390), pid=1852, tid=8028
#
# JRE version: Java(TM) SE Runtime Environment (8.0_91-b14) (build 1.8.0_91-b14)
# Java VM: Java HotSpot(TM) 64-Bit Server VM (25.91-b14 mixed mode windows-amd64 compressed oops)
# Failed to write core dump. Minidumps are not enabled by default on client versions of Windows
#

---------------  T H R E A D  ---------------

Current thread (0x00000000149ca800):  JavaThread "C2 CompilerThread0" daemon [_thread_in_native, id=8028, stack(0x0000000015ee0000,0x0000000015fe0000)]

Stack: [0x0000000015ee0000,0x0000000015fe0000]
[error occurred during error reporting (printing stack bounds), id 0xc0000005]

Native frames: (J=compiled Java code, j=interpreted, Vv=VM code, C=native code)


Current CompileTask:
C2:  35039 1728       4       com.android.dx.cf.code.Simulator$SimVisitor::visitConstant (332 bytes)


---------------  P R O C E S S  ---------------

Java Threads: ( => current thread )
  0x0000000016263800 JavaThread "pool-1-thread-4" [_thread_blocked, id=9904, stack(0x0000000016be0000,0x0000000016ce0000)]
  0x0000000016262800 JavaThread "pool-1-thread-3" [_thread_blocked, id=6612, stack(0x0000000016ae0000,0x0000000016be0000)]
  0x0000000016261800 JavaThread "pool-1-thread-2" [_thread_in_Java, id=6944, stack(0x00000000169e0000,0x0000000016ae0000)]
  0x0000000016260000 JavaThread "pool-2-thread-1" [_thread_blocked, id=9492, stack(0x00000000168e0000,0x00000000169e0000)]
  0x000000001625b800 JavaThread "pool-1-thread-1" [_thread_in_Java, id=4800, stack(0x00000000167e0000,0x00000000168e0000)]
  0x0000000016043800 JavaThread "Service Thread" daemon [_thread_blocked, id=7284, stack(0x00000000165e0000,0x00000000166e0000)]
  0x0000000016037800 JavaThread "C1 CompilerThread2" daemon [_thread_blocked, id=9716, stack(0x00000000164e0000,0x00000000165e0000)]
  0x00000000149cd800 JavaThread "C2 CompilerThread1" daemon [_thread_in_native, id=8640, stack(0x00000000163e0000,0x00000000164e0000)]
=>0x00000000149ca800 JavaThread "C2 CompilerThread0" daemon [_thread_in_native, id=8028, stack(0x0000000015ee0000,0x0000000015fe0000)]
  0x000000001497c800 JavaThread "Attach Listener" daemon [_thread_blocked, id=1076, stack(0x0000000015de0000,0x0000000015ee0000)]
  0x000000001497b800 JavaThread "Signal Dispatcher" daemon [_thread_blocked, id=2820, stack(0x0000000015ce0000,0x0000000015de0000)]
  0x000000001495a000 JavaThread "Finalizer" daemon [_thread_blocked, id=7320, stack(0x0000000015be0000,0x0000000015ce0000)]
  0x0000000014939000 JavaThread "Reference Handler" daemon [_thread_blocked, id=3236, stack(0x0000000015ae0000,0x0000000015be0000)]
  0x00000000020e0800 JavaThread "main" [_thread_blocked, id=8084, stack(0x0000000001cc0000,0x0000000001dc0000)]

Other Threads:
  0x0000000014937000 VMThread [stack: 0x00000000159e0000,0x0000000015ae0000] [id=4144]
  0x0000000016097000 WatcherThread [stack: 0x00000000166e0000,0x00000000167e0000] [id=9384]

VM state:not at safepoint (normal execution)

VM Mutex/Monitor currently owned by a thread: None

Heap:
 PSYoungGen      total 53248K, used 9348K [0x00000000eab00000, 0x00000000ee300000, 0x0000000100000000)
  eden space 49152K, 10% used [0x00000000eab00000,0x00000000eb028430,0x00000000edb00000)
  from space 4096K, 99% used [0x00000000edb00000,0x00000000edef8dc0,0x00000000edf00000)
  to   space 4096K, 0% used [0x00000000edf00000,0x00000000edf00000,0x00000000ee300000)
 ParOldGen       total 65536K, used 12392K [0x00000000c0000000, 0x00000000c4000000, 0x00000000eab00000)
  object space 65536K, 18% used [0x00000000c0000000,0x00000000c0c1a310,0x00000000c4000000)
 Metaspace       used 6173K, capacity 7088K, committed 7296K, reserved 1056768K
  class space    used 594K, capacity 616K, committed 640K, reserved 1048576K

Card table byte_map: [0x0000000011660000,0x0000000011870000] byte_map_base: 0x0000000011060000

Marking Bits: (ParMarkBitMap*) 0x000000005a4b2f70
 Begin Bits: [0x0000000011dd0000, 0x0000000012dd0000)
 End Bits:   [0x0000000012dd0000, 0x0000000013dd0000)

Polling page: 0x0000000001dc0000

CodeCache: size=245760Kb used=7791Kb max_used=7811Kb free=237968Kb
 bounds [0x00000000022a0000, 0x0000000002a50000, 0x00000000112a0000]
 total_blobs=1973 nmethods=1701 adapters=184
 compilation: enabled

Compilation events (10 events):
Event: 34.915 Thread 0x0000000016037800 1756       3       com.android.dx.cf.code.LocalVariableList$Item::access$000 (5 bytes)
Event: 34.915 Thread 0x0000000016037800 nmethod 1756 0x0000000002a14990 code [0x0000000002a14ae0, 0x0000000002a14c30]
Event: 34.915 Thread 0x0000000016037800 1757       3       com.android.dx.cf.code.LocalVariableList$Item::withSignature (29 bytes)
Event: 34.916 Thread 0x0000000016037800 nmethod 1757 0x0000000002a38950 code [0x0000000002a38ac0, 0x0000000002a38cc8]
Event: 34.921 Thread 0x0000000016037800 1758       3       com.android.dx.rop.annotation.Annotation::<init> (54 bytes)
Event: 34.922 Thread 0x0000000016037800 nmethod 1758 0x0000000002a38d90 code [0x0000000002a38f40, 0x0000000002a394f8]
Event: 34.927 Thread 0x00000000149cd800 nmethod 1730 0x0000000002a3dc10 code [0x0000000002a3de20, 0x0000000002a3f618]
Event: 34.927 Thread 0x00000000149cd800 1732 %     4       com.android.dx.ssa.SsaMethod::forEachBlockDepthFirst @ 129 (194 bytes)
Event: 35.009 Thread 0x00000000149cd800 nmethod 1732% 0x0000000002a463d0 code [0x0000000002a46620, 0x0000000002a48a08]
Event: 35.009 Thread 0x00000000149cd800 1731   !   4       com.android.dx.rop.type.Type::intern (319 bytes)

GC Heap History (6 events):
Event: 10.553 GC heap before
{Heap before GC invocations=1 (full 0):
 PSYoungGen      total 28672K, used 24576K [0x00000000eab00000, 0x00000000ecb00000, 0x0000000100000000)
  eden space 24576K, 100% used [0x00000000eab00000,0x00000000ec300000,0x00000000ec300000)
  from space 4096K, 0% used [0x00000000ec700000,0x00000000ec700000,0x00000000ecb00000)
  to   space 4096K, 0% used [0x00000000ec300000,0x00000000ec300000,0x00000000ec700000)
 ParOldGen       total 65536K, used 0K [0x00000000c0000000, 0x00000000c4000000, 0x00000000eab00000)
  object space 65536K, 0% used [0x00000000c0000000,0x00000000c0000000,0x00000000c4000000)
 Metaspace       used 5910K, capacity 6896K, committed 7040K, reserved 1056768K
  class space    used 591K, capacity 616K, committed 640K, reserved 1048576K
Event: 10.791 GC heap after
Heap after GC invocations=1 (full 0):
 PSYoungGen      total 28672K, used 4082K [0x00000000eab00000, 0x00000000ee300000, 0x0000000100000000)
  eden space 24576K, 0% used [0x00000000eab00000,0x00000000eab00000,0x00000000ec300000)
  from space 4096K, 99% used [0x00000000ec300000,0x00000000ec6fcaa8,0x00000000ec700000)
  to   space 4096K, 0% used [0x00000000edf00000,0x00000000edf00000,0x00000000ee300000)
 ParOldGen       total 65536K, used 1891K [0x00000000c0000000, 0x00000000c4000000, 0x00000000eab00000)
  object space 65536K, 2% used [0x00000000c0000000,0x00000000c01d8f90,0x00000000c4000000)
 Metaspace       used 5910K, capacity 6896K, committed 7040K, reserved 1056768K
  class space    used 591K, capacity 616K, committed 640K, reserved 1048576K
}
Event: 19.655 GC heap before
{Heap before GC invocations=2 (full 0):
 PSYoungGen      total 28672K, used 28658K [0x00000000eab00000, 0x00000000ee300000, 0x0000000100000000)
  eden space 24576K, 100% used [0x00000000eab00000,0x00000000ec300000,0x00000000ec300000)
  from space 4096K, 99% used [0x00000000ec300000,0x00000000ec6fcaa8,0x00000000ec700000)
  to   space 4096K, 0% used [0x00000000edf00000,0x00000000edf00000,0x00000000ee300000)
 ParOldGen       total 65536K, used 1891K [0x00000000c0000000, 0x00000000c4000000, 0x00000000eab00000)
  object space 65536K, 2% used [0x00000000c0000000,0x00000000c01d8f90,0x00000000c4000000)
 Metaspace       used 6056K, capacity 7024K, committed 7296K, reserved 1056768K
  class space    used 592K, capacity 616K, committed 640K, reserved 1048576K
Event: 20.174 GC heap after
Heap after GC invocations=2 (full 0):
 PSYoungGen      total 53248K, used 4081K [0x00000000eab00000, 0x00000000ee300000, 0x0000000100000000)
  eden space 49152K, 0% used [0x00000000eab00000,0x00000000eab00000,0x00000000edb00000)
  from space 4096K, 99% used [0x00000000edf00000,0x00000000ee2fc598,0x00000000ee300000)
  to   space 4096K, 0% used [0x00000000edb00000,0x00000000edb00000,0x00000000edf00000)
 ParOldGen       total 65536K, used 4773K [0x00000000c0000000, 0x00000000c4000000, 0x00000000eab00000)
  object space 65536K, 7% used [0x00000000c0000000,0x00000000c04a96a0,0x00000000c4000000)
 Metaspace       used 6056K, capacity 7024K, committed 7296K, reserved 1056768K
  class space    used 592K, capacity 616K, committed 640K, reserved 1048576K
}
Event: 34.266 GC heap before
{Heap before GC invocations=3 (full 0):
 PSYoungGen      total 53248K, used 53233K [0x00000000eab00000, 0x00000000ee300000, 0x0000000100000000)
  eden space 49152K, 100% used [0x00000000eab00000,0x00000000edb00000,0x00000000edb00000)
  from space 4096K, 99% used [0x00000000edf00000,0x00000000ee2fc598,0x00000000ee300000)
  to   space 4096K, 0% used [0x00000000edb00000,0x00000000edb00000,0x00000000edf00000)
 ParOldGen       total 65536K, used 4773K [0x00000000c0000000, 0x00000000c4000000, 0x00000000eab00000)
  object space 65536K, 7% used [0x00000000c0000000,0x00000000c04a96a0,0x00000000c4000000)
 Metaspace       used 6170K, capacity 7088K, committed 7296K, reserved 1056768K
  class space    used 594K, capacity 616K, committed 640K, reserved 1048576K
Event: 34.877 GC heap after
Heap after GC invocations=3 (full 0):
 PSYoungGen      total 53248K, used 4067K [0x00000000eab00000, 0x00000000ee300000, 0x0000000100000000)
  eden space 49152K, 0% used [0x00000000eab00000,0x00000000eab00000,0x00000000edb00000)
  from space 4096K, 99% used [0x00000000edb00000,0x00000000edef8dc0,0x00000000edf00000)
  to   space 4096K, 0% used [0x00000000edf00000,0x00000000edf00000,0x00000000ee300000)
 ParOldGen       total 65536K, used 12392K [0x00000000c0000000, 0x00000000c4000000, 0x00000000eab00000)
  object space 65536K, 18% used [0x00000000c0000000,0x00000000c0c1a310,0x00000000c4000000)
 Metaspace       used 6170K, capacity 7088K, committed 7296K, reserved 1056768K
  class space    used 594K, capacity 616K, committed 640K, reserved 1048576K
}

Deoptimization events (10 events):
Event: 20.308 Thread 0x0000000016262800 Uncommon trap: reason=bimorphic action=maybe_recompile pc=0x0000000002872ba8 method=com.android.dx.cf.code.BytecodeArray.parseInstruction(ILcom/android/dx/cf/code/BytecodeArray$Visitor;)I @ 2484
Event: 21.986 Thread 0x0000000016263800 Uncommon trap: reason=bimorphic action=maybe_recompile pc=0x000000000286f00c method=com.android.dx.cf.code.BytecodeArray.parseInstruction(ILcom/android/dx/cf/code/BytecodeArray$Visitor;)I @ 1501
Event: 21.991 Thread 0x0000000016263800 Uncommon trap: reason=bimorphic action=maybe_recompile pc=0x000000000286f00c method=com.android.dx.cf.code.BytecodeArray.parseInstruction(ILcom/android/dx/cf/code/BytecodeArray$Visitor;)I @ 1501
Event: 25.079 Thread 0x000000001625b800 Uncommon trap: reason=bimorphic action=maybe_recompile pc=0x000000000250e460 method=java.util.HashMap.getNode(ILjava/lang/Object;)Ljava/util/HashMap$Node; @ 126
Event: 32.013 Thread 0x000000001625b800 Uncommon trap: reason=bimorphic action=maybe_recompile pc=0x0000000002884b10 method=com.android.dx.ssa.SCCP.setLatticeValueTo(IILcom/android/dx/rop/cst/Constant;)Z @ 43
Event: 32.013 Thread 0x000000001625b800 Uncommon trap: reason=bimorphic action=maybe_recompile pc=0x0000000002884b10 method=com.android.dx.ssa.SCCP.setLatticeValueTo(IILcom/android/dx/rop/cst/Constant;)Z @ 43
Event: 32.013 Thread 0x000000001625b800 Uncommon trap: reason=bimorphic action=maybe_recompile pc=0x0000000002884b10 method=com.android.dx.ssa.SCCP.setLatticeValueTo(IILcom/android/dx/rop/cst/Constant;)Z @ 43
Event: 32.013 Thread 0x000000001625b800 Uncommon trap: reason=bimorphic action=maybe_recompile pc=0x0000000002884b10 method=com.android.dx.ssa.SCCP.setLatticeValueTo(IILcom/android/dx/rop/cst/Constant;)Z @ 43
Event: 32.067 Thread 0x0000000016262800 Uncommon trap: reason=bimorphic action=maybe_recompile pc=0x00000000028c95b0 method=com.android.dx.rop.code.RegisterSpec.withSimpleType()Lcom/android/dx/rop/code/RegisterSpec; @ 21
Event: 32.067 Thread 0x0000000016262800 Uncommon trap: reason=unstable_if action=reinterpret pc=0x00000000028c947c method=com.android.dx.ssa.LocalVariableExtractor.processBlock(I)V @ 251

Internal exceptions (3 events):
Event: 0.368 Thread 0x00000000020e0800 Exception <a 'java/lang/NoSuchMethodError': Method sun.misc.Unsafe.defineClass(Ljava/lang/String;[BII)Ljava/lang/Class; name or signature does not match> (0x00000000eab07cc0) thrown at [C:\re\workspace\8-2-build-windows-amd64-cygwin\jdk8u91\6644\hotspot\sr¢rËsðŒ×?
Event: 0.368 Thread 0x00000000020e0800 Exception <a 'java/lang/NoSuchMethodError': Method sun.misc.Unsafe.prefetchRead(Ljava/lang/Object;J)V name or signature does not match> (0x00000000eab07fa8) thrown at [C:\re\workspace\8-2-build-windows-amd64-cygwin\jdk8u91\6644\hotspot\src\share\vm\prims\jü‰ám‚B0@
Event: 16.260 Thread 0x0000000016263800 Implicit null exception at 0x00000000026be9e2 to 0x00000000026bead2

Events (10 events):
Event: 33.154 Thread 0x0000000016261800 DEOPT PACKING pc=0x00000000026f6da5 sp=0x0000000016ade7a0
Event: 33.154 Thread 0x0000000016261800 DEOPT UNPACKING pc=0x00000000022e787f sp=0x0000000016ade5e0 mode 0
Event: 33.183 Thread 0x0000000016262800 DEOPT PACKING pc=0x00000000026402ac sp=0x0000000016bde950
Event: 33.183 Thread 0x0000000016262800 DEOPT UNPACKING pc=0x00000000022e787f sp=0x0000000016bde6d0 mode 0
Event: 33.870 Thread 0x00000000020e0800 DEOPT PACKING pc=0x000000000269a6e1 sp=0x0000000001dbe690
Event: 33.870 Thread 0x00000000020e0800 DEOPT UNPACKING pc=0x00000000022e787f sp=0x0000000001dbe4c0 mode 0
Event: 33.891 Executing VM operation: ParallelGCFailedAllocation
Event: 34.877 Executing VM operation: ParallelGCFailedAllocation done
Event: 34.920 Thread 0x0000000016261800 DEOPT PACKING pc=0x00000000026402c3 sp=0x0000000016adeb60
Event: 34.920 Thread 0x0000000016261800 DEOPT UNPACKING pc=0x00000000022e787f sp=0x0000000016ade8e0 mode 0


Dynamic libraries:
0x00007ff70d560000 - 0x00007ff70d597000 	D:\jdk8\bin\java.exe
0x00007ffe349c0000 - 0x00007ffe34b69000 	C:\Windows\SYSTEM32\ntdll.dll
0x00007ffe32350000 - 0x00007ffe32489000 	C:\Windows\system32\KERNEL32.DLL
0x00007ffe31ff0000 - 0x00007ffe320fe000 	C:\Windows\system32\KERNELBASE.dll
0x00007ffe33e30000 - 0x00007ffe33ed5000 	C:\Windows\system32\ADVAPI32.dll
0x00007ffe34150000 - 0x00007ffe342c1000 	C:\Windows\system32\USER32.dll
0x00007ffe2e250000 - 0x00007ffe2e4aa000 	C:\Windows\WinSxS\amd64_microsoft.windows.common-controls_6595b64144ccf1df_6.0.9600.16384_none_62475f7becb72503\COMCTL32.dll
0x00007ffe340a0000 - 0x00007ffe34147000 	C:\Windows\system32\msvcrt.dll
0x00007ffe32250000 - 0x00007ffe322a7000 	C:\Windows\SYSTEM32\sechost.dll
0x00007ffe342e0000 - 0x00007ffe34416000 	C:\Windows\system32\RPCRT4.dll
0x00007ffe33ef0000 - 0x00007ffe34035000 	C:\Windows\system32\GDI32.dll
0x00007ffe32550000 - 0x00007ffe32584000 	C:\Windows\system32\IMM32.DLL
0x00007ffe346a0000 - 0x00007ffe347d9000 	C:\Windows\system32\MSCTF.dll
0x000000005a570000 - 0x000000005a642000 	D:\jdk8\jre\bin\msvcr100.dll
0x0000000059ca0000 - 0x000000005a533000 	D:\jdk8\jre\bin\server\jvm.dll
0x00007ffe2ac00000 - 0x00007ffe2ac09000 	C:\Windows\SYSTEM32\WSOCK32.dll
0x00007ffe2aca0000 - 0x00007ffe2acbf000 	C:\Windows\SYSTEM32\WINMM.dll
0x00007ffe2b2d0000 - 0x00007ffe2b2da000 	C:\Windows\SYSTEM32\VERSION.dll
0x00007ffe34420000 - 0x00007ffe34427000 	C:\Windows\system32\PSAPI.DLL
0x00007ffe32590000 - 0x00007ffe325e8000 	C:\Windows\system32\WS2_32.dll
0x00007ffe2ac70000 - 0x00007ffe2ac9a000 	C:\Windows\SYSTEM32\WINMMBASE.dll
0x00007ffe32830000 - 0x00007ffe32839000 	C:\Windows\system32\NSI.dll
0x00007ffe32200000 - 0x00007ffe3224a000 	C:\Windows\SYSTEM32\cfgmgr32.dll
0x00007ffe30b60000 - 0x00007ffe30b86000 	C:\Windows\SYSTEM32\DEVOBJ.dll
0x0000000059c90000 - 0x0000000059c9f000 	D:\jdk8\jre\bin\verify.dll
0x0000000059c60000 - 0x0000000059c89000 	D:\jdk8\jre\bin\java.dll
0x0000000059c40000 - 0x0000000059c56000 	D:\jdk8\jre\bin\zip.dll
0x00007ffe32a20000 - 0x00007ffe33e2d000 	C:\Windows\system32\SHELL32.dll
0x00007ffe32840000 - 0x00007ffe32a17000 	C:\Windows\SYSTEM32\combase.dll
0x00007ffe34040000 - 0x00007ffe34091000 	C:\Windows\system32\SHLWAPI.dll
0x00007ffe2e7a0000 - 0x00007ffe2e841000 	C:\Windows\SYSTEM32\SHCORE.dll
0x00007ffe31d40000 - 0x00007ffe31d54000 	C:\Windows\SYSTEM32\profapi.dll

VM Arguments:
jvm_args: -Djava.awt.headless=true -Xmx1024M -Dfile.encoding=GBK -Duser.country=CN -Duser.language=zh -Duser.variant 
java_command: com.android.dx.command.Main --dex --num-threads=4 --output C:\Users\46358_000\Android_Security\app\build\intermediates\pre-dexed\debug\xUtils-2.6.14_7a62db02be764147277318e6fc8b9f1ca1859057.jar C:\Users\46358_000\Android_Security\app\src\main\libs\xUtils-2.6.14.jar
java_class_path (initial): C:\Users\46358_000\AppData\Local\Android\Sdk\build-tools\23.0.0\lib\dx.jar
Launcher Type: SUN_STANDARD

Environment Variables:
CLASSPATH=C:\Program Files\Java\jre1.8.0_91\lib
PATH=C:\ProgramData\Oracle\Java\javapath;C:\Windows\system32;C:\Windows;C:\Windows\System32\Wbem;C:\Windows\System32\WindowsPowerShell\v1.0\;C:\Program Files (x86)\Intel\OpenCL SDK\2.0\bin\x86;C:\Program Files (x86)\Intel\OpenCL SDK\2.0\bin\x64;C:\Program Files (x86)\Windows Kits\8.1\Windows Performance Toolkit\;C:\Program Files\Microsoft SQL Server\110\Tools\Binn\;C:\Program Files (x86)\Microsoft SDKs\TypeScript\1.0\;C:\Program Files\Microsoft SQL Server\120\Tools\Binn\;D:\Program Files (x86)\matlab\runtime\win64;D:\Program Files (x86)\matlab\bin;D:\Program Files (x86)\matlab\polyspace\bin;C:\Program Files\Java\jre1.8.0_91\bin£»C:\Users\46358_000\AppData\Local\Android\Sdk\platform-tools;;D:\Git\cmd
USERNAME=46358_000
OS=Windows_NT
PROCESSOR_IDENTIFIER=Intel64 Family 6 Model 42 Stepping 7, GenuineIntel



---------------  S Y S T E M  ---------------

OS: Windows 8.1 , 64 bit Build 9600 (6.3.9600.16656)

CPU:total 4 (2 cores per cpu, 2 threads per core) family 6 model 42 stepping 7, cmov, cx8, fxsr, mmx, sse, sse2, sse3, ssse3, sse4.1, sse4.2, popcnt, avx, aes, clmul, ht, tsc, tscinvbit

Memory: 4k page, physical 6233964k(424368k free), swap 9305964k(8156k free)

vm_info: Java HotSpot(TM) 64-Bit Server VM (25.91-b14) for windows-amd64 JRE (1.8.0_91-b14), built on Apr  1 2016 00:58:32 by "java_re" with MS VC++ 10.0 (VS2010)

time: Mon Aug 08 23:27:14 2016
elapsed time: 35 seconds (0d 0h 0m 35s)

